<?xml version="1.0" encoding="utf-8"?>
<TestRun id="dabfad7a-ee1a-4d64-8a6d-2bc2fc73c70c" name="Denis_Pashkov@EPUAKHAW2229 2021-04-15 13:13:54" runUser="KYIV\Denis_Pashkov" xmlns="http://microsoft.com/schemas/VisualStudio/TeamTest/2010">
  <Times creation="2021-04-15T13:13:54.3807638+03:00" queuing="2021-04-15T13:13:54.3807649+03:00" start="2021-04-15T13:13:52.1712785+03:00" finish="2021-04-15T13:13:55.5000504+03:00" />
  <TestSettings name="default" id="c21e4e87-b4a9-443b-a61b-aa30c1f82f99">
    <Deployment runDeploymentRoot="Denis_Pashkov_EPUAKHAW2229_2021-04-15_13_13_54" />
  </TestSettings>
  <Results>
    <UnitTestResult executionId="f2e32deb-f973-424e-a29a-ad8f5083fff2" testId="085e5c46-7ef2-b5ec-7f82-8d3edecd75b3" testName="AutomotivePlatform.ParkNow.Sessions.Service.Tests.V2.MappingProfiles.SessionsProfileTest.Model_ShouldNotIncludeVehiclePosition_IfAtLeastOneOfRequiredParametersIsMissing(includeInContext: null, latitude: 12.34, longitude: 56.78)" computerName="EPUAKHAW2229" duration="00:00:00.4446051" startTime="2021-04-15T13:13:54.7077220+03:00" endTime="2021-04-15T13:13:54.7077251+03:00" testType="13cdc9d9-ddb5-4fa4-a97d-d965ccfc6d4b" outcome="Passed" testListId="8c84fa94-04c1-424b-9868-57a2d4851a1d" relativeResultsDirectory="f2e32deb-f973-424e-a29a-ad8f5083fff2" />
    <UnitTestResult executionId="2bc4d710-3dac-4df7-bb36-a6c7c0357002" testId="96518d5b-40de-ea11-f441-abbc52a16851" testName="AutomotivePlatform.ParkNow.Sessions.Service.Tests.V2.MappingProfiles.SessionsProfileTest.Mapper_ShouldCorrectlyMapCreateSessionRequest_WhenVehiclePositionIsNull" computerName="EPUAKHAW2229" duration="00:00:00.0297122" startTime="2021-04-15T13:13:54.8735583+03:00" endTime="2021-04-15T13:13:54.8735625+03:00" testType="13cdc9d9-ddb5-4fa4-a97d-d965ccfc6d4b" outcome="Passed" testListId="8c84fa94-04c1-424b-9868-57a2d4851a1d" relativeResultsDirectory="2bc4d710-3dac-4df7-bb36-a6c7c0357002" />
    <UnitTestResult executionId="54874d82-baa3-4bcb-9bb3-6d4b08660b73" testId="bfcc0c1b-d9c9-6266-c5d3-3a13c7c5e2a4" testName="AutomotivePlatform.ParkNow.Sessions.Service.Tests.V2.MappingProfiles.SessionsProfileTest.Mapper_GetSessionDetails_ShouldCorrectlyMap_SessionType(sessionStatus: &quot;&quot;, expectedSessionType: null)" computerName="EPUAKHAW2229" duration="00:00:00.0386750" startTime="2021-04-15T13:13:55.0172340+03:00" endTime="2021-04-15T13:13:55.0172367+03:00" testType="13cdc9d9-ddb5-4fa4-a97d-d965ccfc6d4b" outcome="Passed" testListId="8c84fa94-04c1-424b-9868-57a2d4851a1d" relativeResultsDirectory="54874d82-baa3-4bcb-9bb3-6d4b08660b73" />
    <UnitTestResult executionId="1616587d-710a-4bea-9064-44efa03180a5" testId="8b0bee36-81c2-37c1-bfb8-b6faca57e046" testName="AutomotivePlatform.ParkNow.Sessions.Service.Tests.V2.MappingProfiles.SessionsProfileTest.Mapper_ShouldCorrectlyMapPastSession" computerName="EPUAKHAW2229" duration="00:00:00.0380216" startTime="2021-04-15T13:13:55.0888377+03:00" endTime="2021-04-15T13:13:55.0888402+03:00" testType="13cdc9d9-ddb5-4fa4-a97d-d965ccfc6d4b" outcome="Passed" testListId="8c84fa94-04c1-424b-9868-57a2d4851a1d" relativeResultsDirectory="1616587d-710a-4bea-9064-44efa03180a5" />
    <UnitTestResult executionId="77b92a0b-7037-45a1-86fd-9300489ced36" testId="7d12e789-70f3-69ec-abc4-14e95f1c383a" testName="AutomotivePlatform.ParkNow.Sessions.Service.Tests.V2.MappingProfiles.TimeBlockUnitResolverTests.TimeBlockUnitResolver_ShouldThrowExceptionForUnsupportedType" computerName="EPUAKHAW2229" duration="00:00:00.0103304" startTime="2021-04-15T13:13:54.2602851+03:00" endTime="2021-04-15T13:13:54.2602869+03:00" testType="13cdc9d9-ddb5-4fa4-a97d-d965ccfc6d4b" outcome="Passed" testListId="8c84fa94-04c1-424b-9868-57a2d4851a1d" relativeResultsDirectory="77b92a0b-7037-45a1-86fd-9300489ced36" />
    <UnitTestResult executionId="574c6dae-de18-4ee8-a1bd-08a1ccb51e51" testId="22e51b6e-b379-e61f-e31a-2a39b49c1431" testName="AutomotivePlatform.ParkNow.Sessions.Service.Tests.V2.MappingProfiles.QuoteDtoToTimeConverterTests.Convert_ShouldCorrectlyMapDurationChange(amount: 5, type: &quot;hours&quot;, expected: Shorter)" computerName="EPUAKHAW2229" duration="00:00:00.0000148" startTime="2021-04-15T13:13:54.3262432+03:00" endTime="2021-04-15T13:13:54.3262436+03:00" testType="13cdc9d9-ddb5-4fa4-a97d-d965ccfc6d4b" outcome="Passed" testListId="8c84fa94-04c1-424b-9868-57a2d4851a1d" relativeResultsDirectory="574c6dae-de18-4ee8-a1bd-08a1ccb51e51" />
    <UnitTestResult executionId="d355123b-a9da-4417-a877-89cf5d89a14e" testId="b151ac18-d7e4-1507-1efe-e73d0f8a56c5" testName="AutomotivePlatform.ParkNow.Sessions.Service.Tests.V2.MappingProfiles.SessionsProfileTest.Model_ShouldNotIncludeVehiclePosition_IfAtLeastOneOfRequiredParametersIsMissing(includeInContext: True, latitude: null, longitude: 56.78)" computerName="EPUAKHAW2229" duration="00:00:00.0302872" startTime="2021-04-15T13:13:54.7367315+03:00" endTime="2021-04-15T13:13:54.7367344+03:00" testType="13cdc9d9-ddb5-4fa4-a97d-d965ccfc6d4b" outcome="Passed" testListId="8c84fa94-04c1-424b-9868-57a2d4851a1d" relativeResultsDirectory="d355123b-a9da-4417-a877-89cf5d89a14e" />
    <UnitTestResult executionId="3a434464-695c-463d-b2ec-69272b1eb362" testId="62641f10-826a-a66c-a6f4-65fa3fed148a" testName="AutomotivePlatform.ParkNow.Sessions.Service.Tests.V2.MappingProfiles.SessionsProfileTest.Mapper_ShouldCorrectlyMapSessionDetailsResponse" computerName="EPUAKHAW2229" duration="00:00:00.0347770" startTime="2021-04-15T13:13:55.2603633+03:00" endTime="2021-04-15T13:13:55.2603665+03:00" testType="13cdc9d9-ddb5-4fa4-a97d-d965ccfc6d4b" outcome="Passed" testListId="8c84fa94-04c1-424b-9868-57a2d4851a1d" relativeResultsDirectory="3a434464-695c-463d-b2ec-69272b1eb362" />
    <UnitTestResult executionId="214ae204-9a9b-48ee-8c38-7b27ba34871b" testId="1f280eaa-63aa-1ea5-e260-7b0cc595a1d3" testName="AutomotivePlatform.ParkNow.Sessions.Service.Tests.V2.Controllers.SessionControllerTest.DeleteSessionAsync_ShouldRespondWithBadRequest_IfSessionIdInvalid(sessionId: &quot; 12kLm&quot;)" computerName="EPUAKHAW2229" duration="00:00:00.0017364" startTime="2021-04-15T13:13:54.4659718+03:00" endTime="2021-04-15T13:13:54.4659753+03:00" testType="13cdc9d9-ddb5-4fa4-a97d-d965ccfc6d4b" outcome="Passed" testListId="8c84fa94-04c1-424b-9868-57a2d4851a1d" relativeResultsDirectory="214ae204-9a9b-48ee-8c38-7b27ba34871b" />
    <UnitTestResult executionId="f2c7ecf2-6441-4f25-bb22-c3644c7baafd" testId="834ca36b-44ff-6d81-e869-29e0deb4ab02" testName="AutomotivePlatform.ParkNow.Sessions.Service.Tests.V2.MappingProfiles.SessionsTypeResolverTests.SessionsTypeResolver_ShouldCorrectlyResolveSessionTypeForSessionResponse1(timespanNowUts: null, timespanStopUtc: null, sessionType: Active)" computerName="EPUAKHAW2229" duration="00:00:00.0000148" startTime="2021-04-15T13:13:54.3216515+03:00" endTime="2021-04-15T13:13:54.3216521+03:00" testType="13cdc9d9-ddb5-4fa4-a97d-d965ccfc6d4b" outcome="Passed" testListId="8c84fa94-04c1-424b-9868-57a2d4851a1d" relativeResultsDirectory="f2c7ecf2-6441-4f25-bb22-c3644c7baafd" />
    <UnitTestResult executionId="10f8132d-fc93-45d6-b7a5-1be340fbba80" testId="2c6a8165-5f6d-1a3a-61c4-dd17e90f729b" testName="AutomotivePlatform.ParkNow.Sessions.Service.Tests.V2.Controllers.SessionControllerTest.CreateSessionAsync_ShouldRespondWithValidationError_ForSimpleStartSessionWhenRequiredFieldsAreNotSet(locationId: &quot;&quot;, vehicleId: &quot;&quot;, extVehicleId: &quot;&quot;)" computerName="EPUAKHAW2229" duration="00:00:00.0049346" startTime="2021-04-15T13:13:54.5043529+03:00" endTime="2021-04-15T13:13:54.5043558+03:00" testType="13cdc9d9-ddb5-4fa4-a97d-d965ccfc6d4b" outcome="Passed" testListId="8c84fa94-04c1-424b-9868-57a2d4851a1d" relativeResultsDirectory="10f8132d-fc93-45d6-b7a5-1be340fbba80" />
    <UnitTestResult executionId="ff1d0afb-2f3b-4534-97e9-1bee2b5bb686" testId="60a40e85-0d8e-7f8a-4820-5168fbb3dc33" testName="AutomotivePlatform.ParkNow.Sessions.Service.Tests.V2.MappingProfiles.QuoteDtoToPriceConverterTests.Convert_ShouldNotAddChargeWhenItHasNoAmount" computerName="EPUAKHAW2229" duration="00:00:00.0005848" startTime="2021-04-15T13:13:54.3352749+03:00" endTime="2021-04-15T13:13:54.3352755+03:00" testType="13cdc9d9-ddb5-4fa4-a97d-d965ccfc6d4b" outcome="Passed" testListId="8c84fa94-04c1-424b-9868-57a2d4851a1d" relativeResultsDirectory="ff1d0afb-2f3b-4534-97e9-1bee2b5bb686" />
    <UnitTestResult executionId="bd102dea-771d-4312-b8a3-401aea7f04ff" testId="7af6cc4e-9dc5-5038-8a81-1098246d793f" testName="AutomotivePlatform.ParkNow.Sessions.Service.Tests.V2.MappingProfiles.TimeBlockQuantityResolverTests.TimeBlockQuantityResolver_ShouldConvertYearsToDays" computerName="EPUAKHAW2229" duration="00:00:00.0047988" startTime="2021-04-15T13:13:54.3347482+03:00" endTime="2021-04-15T13:13:54.3347485+03:00" testType="13cdc9d9-ddb5-4fa4-a97d-d965ccfc6d4b" outcome="Passed" testListId="8c84fa94-04c1-424b-9868-57a2d4851a1d" relativeResultsDirectory="bd102dea-771d-4312-b8a3-401aea7f04ff" />
    <UnitTestResult executionId="34c6c180-7ff0-479d-a2b7-17fa55105ec3" testId="a6733943-fa55-d5c0-b3a0-dd11800a84c5" testName="AutomotivePlatform.ParkNow.Sessions.Service.Tests.V2.Controllers.SessionControllerTest.CreateSessionAsync_ShouldRespondWithValidationError_ForSimpleStartSessionWhenRequiredFieldsAreNotSet(locationId: null, vehicleId: null, extVehicleId: null)" computerName="EPUAKHAW2229" duration="00:00:00.0110190" startTime="2021-04-15T13:13:54.4959090+03:00" endTime="2021-04-15T13:13:54.4959126+03:00" testType="13cdc9d9-ddb5-4fa4-a97d-d965ccfc6d4b" outcome="Passed" testListId="8c84fa94-04c1-424b-9868-57a2d4851a1d" relativeResultsDirectory="34c6c180-7ff0-479d-a2b7-17fa55105ec3" />
    <UnitTestResult executionId="83d288e7-e2c4-4ce1-82f5-e3b7547368a5" testId="3e54175e-d400-b513-b69c-474831e37ec9" testName="AutomotivePlatform.ParkNow.Sessions.Service.Tests.V2.MappingProfiles.TimeBlockQuantityResolverTests.TimeBlockQuantityResolver_ShouldReturnDefaultValuesForSpecficTypes(durationUnit: Day, value: 1, expected: 1)" computerName="EPUAKHAW2229" duration="00:00:00.0000143" startTime="2021-04-15T13:13:54.3263280+03:00" endTime="2021-04-15T13:13:54.3263281+03:00" testType="13cdc9d9-ddb5-4fa4-a97d-d965ccfc6d4b" outcome="Passed" testListId="8c84fa94-04c1-424b-9868-57a2d4851a1d" relativeResultsDirectory="83d288e7-e2c4-4ce1-82f5-e3b7547368a5" />
    <UnitTestResult executionId="c93817dd-d80c-4b67-8911-140624ce12f8" testId="d935c722-16d5-5f0b-fe24-6f5fbefa1426" testName="AutomotivePlatform.ParkNow.Sessions.Service.Tests.V2.MappingProfiles.SessionsProfileTest.Mapper_ShouldCorrectlyMapActiveSession" computerName="EPUAKHAW2229" duration="00:00:00.0370716" startTime="2021-04-15T13:13:55.1944471+03:00" endTime="2021-04-15T13:13:55.1944491+03:00" testType="13cdc9d9-ddb5-4fa4-a97d-d965ccfc6d4b" outcome="Passed" testListId="8c84fa94-04c1-424b-9868-57a2d4851a1d" relativeResultsDirectory="c93817dd-d80c-4b67-8911-140624ce12f8" />
    <UnitTestResult executionId="ba32c528-d931-41b7-a10b-bf97d73a1e3d" testId="94808008-f6c8-b4b0-ae6e-c7903d34a52b" testName="AutomotivePlatform.ParkNow.Sessions.Service.Tests.V2.Controllers.SessionControllerTest.CreateSessionAsync_ShouldRespondWithValidationError_ForSimpleStartSessionWhenRequiredFieldsAreNotSet(locationId: &quot;test-location-id&quot;, vehicleId: null, extVehicleId: null)" computerName="EPUAKHAW2229" duration="00:00:00.0024957" startTime="2021-04-15T13:13:54.5125950+03:00" endTime="2021-04-15T13:13:54.5125961+03:00" testType="13cdc9d9-ddb5-4fa4-a97d-d965ccfc6d4b" outcome="Passed" testListId="8c84fa94-04c1-424b-9868-57a2d4851a1d" relativeResultsDirectory="ba32c528-d931-41b7-a10b-bf97d73a1e3d" />
    <UnitTestResult executionId="eb56ca6a-b07f-46f6-a6cc-23226525d6d1" testId="371f16ab-c868-1f58-c5db-fd86ec6a7811" testName="AutomotivePlatform.ParkNow.Sessions.Service.Tests.V2.MappingProfiles.TimeBlockUnitResolverTests.TimeBlockUnitResolver_ShouldCorrectlyResolveValue(durationUnit: Month, expected: &quot;days&quot;)" computerName="EPUAKHAW2229" duration="00:00:00.0000089" startTime="2021-04-15T13:13:54.3343217+03:00" endTime="2021-04-15T13:13:54.3343231+03:00" testType="13cdc9d9-ddb5-4fa4-a97d-d965ccfc6d4b" outcome="Passed" testListId="8c84fa94-04c1-424b-9868-57a2d4851a1d" relativeResultsDirectory="eb56ca6a-b07f-46f6-a6cc-23226525d6d1" />
    <UnitTestResult executionId="b7af8350-af4e-4df6-b450-9b910e665525" testId="3834dcfa-7fcb-cbcf-5885-7d437f4434f0" testName="AutomotivePlatform.ParkNow.Sessions.Service.Tests.V2.MappingProfiles.SessionsTypeResolverTests.SessionsTypeResolver_ShouldCorrectlyResolveSessionTypeForSessionResponse1(timespanNowUts: null, timespanStopUtc: 0, sessionType: null)" computerName="EPUAKHAW2229" duration="00:00:00.0000156" startTime="2021-04-15T13:13:54.3262867+03:00" endTime="2021-04-15T13:13:54.3262869+03:00" testType="13cdc9d9-ddb5-4fa4-a97d-d965ccfc6d4b" outcome="Passed" testListId="8c84fa94-04c1-424b-9868-57a2d4851a1d" relativeResultsDirectory="b7af8350-af4e-4df6-b450-9b910e665525" />
    <UnitTestResult executionId="76c7e5f2-93a4-4efc-94ed-a27af830e7e1" testId="9f5edd35-483f-ec72-a69d-3676ac7182cc" testName="AutomotivePlatform.ParkNow.Sessions.Service.Tests.V2.Controllers.SessionControllerTest.DeleteSessionAsync_ShouldRespondWithBadRequest_IfSessionIdInvalid(sessionId: &quot;01QFlLPlKQduVdmbpzxslGlQ&quot;)" computerName="EPUAKHAW2229" duration="00:00:00.0031901" startTime="2021-04-15T13:13:54.4733965+03:00" endTime="2021-04-15T13:13:54.4733993+03:00" testType="13cdc9d9-ddb5-4fa4-a97d-d965ccfc6d4b" outcome="Passed" testListId="8c84fa94-04c1-424b-9868-57a2d4851a1d" relativeResultsDirectory="76c7e5f2-93a4-4efc-94ed-a27af830e7e1" />
    <UnitTestResult executionId="8a0c90b0-185f-4383-880b-f705c46114b1" testId="0924f209-0c9d-67ba-7452-1395c88a41bb" testName="AutomotivePlatform.ParkNow.Sessions.Service.Tests.V2.MappingProfiles.SessionsProfileTest.Model_ShouldNotIncludeVehiclePosition_IfAtLeastOneOfRequiredParametersIsMissing(includeInContext: True, latitude: null, longitude: null)" computerName="EPUAKHAW2229" duration="00:00:00.0359343" startTime="2021-04-15T13:13:54.7728072+03:00" endTime="2021-04-15T13:13:54.7728096+03:00" testType="13cdc9d9-ddb5-4fa4-a97d-d965ccfc6d4b" outcome="Passed" testListId="8c84fa94-04c1-424b-9868-57a2d4851a1d" relativeResultsDirectory="8a0c90b0-185f-4383-880b-f705c46114b1" />
    <UnitTestResult executionId="b3c5ff3d-3d28-4b4f-9003-8ef02dcf8241" testId="c8cf5aba-e934-8b50-cb0b-11d80cae4ce4" testName="AutomotivePlatform.ParkNow.Sessions.Service.Tests.V2.Controllers.SessionControllerTest.CreateSessionAsync_ShouldRespondWithValidationError_ForSimpleStartSessionWhenRequiredFieldsAreNotSet(locationId: null, vehicleId: &quot;test-vechicle-id&quot;, extVehicleId: null)" computerName="EPUAKHAW2229" duration="00:00:00.0031519" startTime="2021-04-15T13:13:54.4991994+03:00" endTime="2021-04-15T13:13:54.4992025+03:00" testType="13cdc9d9-ddb5-4fa4-a97d-d965ccfc6d4b" outcome="Passed" testListId="8c84fa94-04c1-424b-9868-57a2d4851a1d" relativeResultsDirectory="b3c5ff3d-3d28-4b4f-9003-8ef02dcf8241" />
    <UnitTestResult executionId="c2cd740e-18f6-4b03-8612-c9142ee59c1b" testId="4ef44f91-3ca0-f047-6713-0c7c1bc00eec" testName="AutomotivePlatform.ParkNow.Sessions.Service.Tests.V2.MappingProfiles.TimeBlockUnitResolverTests.TimeBlockUnitResolver_ShouldCorrectlyResolveValue(durationUnit: Year, expected: &quot;days&quot;)" computerName="EPUAKHAW2229" duration="00:00:00.0000166" startTime="2021-04-15T13:13:54.3310790+03:00" endTime="2021-04-15T13:13:54.3310792+03:00" testType="13cdc9d9-ddb5-4fa4-a97d-d965ccfc6d4b" outcome="Passed" testListId="8c84fa94-04c1-424b-9868-57a2d4851a1d" relativeResultsDirectory="c2cd740e-18f6-4b03-8612-c9142ee59c1b" />
    <UnitTestResult executionId="fd4d0b82-4b6f-478e-b629-b80789bcb684" testId="89db914b-6f48-6a41-ee58-3b12ef3ca0b6" testName="AutomotivePlatform.ParkNow.Sessions.Service.Tests.V2.MappingProfiles.TimeBlockQuantityResolverTests.TimeBlockQuantityResolver_ShouldConvertMonthToDays" computerName="EPUAKHAW2229" duration="00:00:00.0009441" startTime="2021-04-15T13:13:54.3349226+03:00" endTime="2021-04-15T13:13:54.3349240+03:00" testType="13cdc9d9-ddb5-4fa4-a97d-d965ccfc6d4b" outcome="Passed" testListId="8c84fa94-04c1-424b-9868-57a2d4851a1d" relativeResultsDirectory="fd4d0b82-4b6f-478e-b629-b80789bcb684" />
    <UnitTestResult executionId="d6a5999e-a447-4c7e-b150-da30baed4ef8" testId="f784b431-c5ba-2e69-1d75-6c289d5bbd7c" testName="AutomotivePlatform.ParkNow.Sessions.Service.Tests.V2.Controllers.SessionControllerTest.DeleteSessionAsync_ShouldRespondWithBadRequest_IfSessionIdInvalid(sessionId: &quot;csd&quot;)" computerName="EPUAKHAW2229" duration="00:00:00.0021967" startTime="2021-04-15T13:13:54.4784826+03:00" endTime="2021-04-15T13:13:54.4784856+03:00" testType="13cdc9d9-ddb5-4fa4-a97d-d965ccfc6d4b" outcome="Passed" testListId="8c84fa94-04c1-424b-9868-57a2d4851a1d" relativeResultsDirectory="d6a5999e-a447-4c7e-b150-da30baed4ef8" />
    <UnitTestResult executionId="c471713b-5300-4e49-ad66-ef15ffe5c858" testId="5c0e2d1a-53e0-f414-4325-471aec858868" testName="AutomotivePlatform.ParkNow.Sessions.Service.Tests.V2.MappingProfiles.TimeBlockQuantityResolverTests.TimeBlockQuantityResolver_ShouldReturnDefaultValuesForSpecficTypes(durationUnit: Hour, value: 11, expected: 11)" computerName="EPUAKHAW2229" duration="00:00:00.0000652" startTime="2021-04-15T13:13:54.3216898+03:00" endTime="2021-04-15T13:13:54.3216901+03:00" testType="13cdc9d9-ddb5-4fa4-a97d-d965ccfc6d4b" outcome="Passed" testListId="8c84fa94-04c1-424b-9868-57a2d4851a1d" relativeResultsDirectory="c471713b-5300-4e49-ad66-ef15ffe5c858" />
    <UnitTestResult executionId="bead6743-5217-46be-80a8-63b3aa1866e0" testId="e2be4e22-da4d-c4cf-b38b-f3361c790fe4" testName="AutomotivePlatform.ParkNow.Sessions.Service.Tests.V2.MappingProfiles.QuoteDtoToTimeConverterTests.Convert_ShouldCorretlyConvertToTimePeriod" computerName="EPUAKHAW2229" duration="00:00:00.0026952" startTime="2021-04-15T13:13:54.3346953+03:00" endTime="2021-04-15T13:13:54.3346967+03:00" testType="13cdc9d9-ddb5-4fa4-a97d-d965ccfc6d4b" outcome="Passed" testListId="8c84fa94-04c1-424b-9868-57a2d4851a1d" relativeResultsDirectory="bead6743-5217-46be-80a8-63b3aa1866e0" />
    <UnitTestResult executionId="4ee49205-deb4-417d-8f12-5dd88e09669e" testId="38cf4a9a-6491-2df6-d7e8-2f0da0a17b2e" testName="AutomotivePlatform.ParkNow.Sessions.Service.Tests.V2.MappingProfiles.SessionsProfileTest.Mapper_ShouldCorrectlyMapCreateSessionRequest" computerName="EPUAKHAW2229" duration="00:00:00.0293721" startTime="2021-04-15T13:13:55.1184878+03:00" endTime="2021-04-15T13:13:55.1184952+03:00" testType="13cdc9d9-ddb5-4fa4-a97d-d965ccfc6d4b" outcome="Passed" testListId="8c84fa94-04c1-424b-9868-57a2d4851a1d" relativeResultsDirectory="4ee49205-deb4-417d-8f12-5dd88e09669e" />
    <UnitTestResult executionId="e9f7f100-9a4b-49bf-b5e2-3b36475f4318" testId="d66a5287-464b-dc48-c5cb-bdb9e8df0855" testName="AutomotivePlatform.ParkNow.Sessions.Service.Tests.V2.MappingProfiles.SessionsProfileTest.Mapper_GetSessionDetails_ShouldCorrectlyMap_SessionType(sessionStatus: &quot;Future&quot;, expectedSessionType: null)" computerName="EPUAKHAW2229" duration="00:00:00.0315909" startTime="2021-04-15T13:13:54.9374676+03:00" endTime="2021-04-15T13:13:54.9374706+03:00" testType="13cdc9d9-ddb5-4fa4-a97d-d965ccfc6d4b" outcome="Passed" testListId="8c84fa94-04c1-424b-9868-57a2d4851a1d" relativeResultsDirectory="e9f7f100-9a4b-49bf-b5e2-3b36475f4318" />
    <UnitTestResult executionId="53ee6e2c-5698-487c-811a-962cb3747f0a" testId="ce8f31b8-4046-73dd-aa1d-caa39ada9d5d" testName="AutomotivePlatform.ParkNow.Sessions.Service.Tests.V2.MappingProfiles.QuoteDtoToPriceConverterTests.Convert_ShouldAddChargeWhenItHasAmount" computerName="EPUAKHAW2229" duration="00:00:00.0051095" startTime="2021-04-15T13:13:54.3351797+03:00" endTime="2021-04-15T13:13:54.3351804+03:00" testType="13cdc9d9-ddb5-4fa4-a97d-d965ccfc6d4b" outcome="Passed" testListId="8c84fa94-04c1-424b-9868-57a2d4851a1d" relativeResultsDirectory="53ee6e2c-5698-487c-811a-962cb3747f0a" />
    <UnitTestResult executionId="834dec2c-0f8b-45dd-8b3f-d16bb1f48873" testId="f38d3f2e-e5a9-26af-87c4-73600f64396c" testName="AutomotivePlatform.ParkNow.Sessions.Service.Tests.V2.Controllers.SessionControllerTest.DeleteSessionAsync_ShouldRespondWithBadRequest_IfSessionIdInvalid(sessionId: &quot;$%*(&quot;)" computerName="EPUAKHAW2229" duration="00:00:00.0022200" startTime="2021-04-15T13:13:54.4710298+03:00" endTime="2021-04-15T13:13:54.4710327+03:00" testType="13cdc9d9-ddb5-4fa4-a97d-d965ccfc6d4b" outcome="Passed" testListId="8c84fa94-04c1-424b-9868-57a2d4851a1d" relativeResultsDirectory="834dec2c-0f8b-45dd-8b3f-d16bb1f48873" />
    <UnitTestResult executionId="1d8bb529-93b5-4ba0-8954-790408eef434" testId="72b3c9d1-aa18-20fc-08f6-564c495df03b" testName="AutomotivePlatform.ParkNow.Sessions.Service.Tests.V2.Controllers.SessionControllerTest.CreateSessionAsync_ShouldRespondWithCreatedAtRouteResult_ForSimpleStartSession(vehicleId: &quot;test-vechicle-id&quot;, extVehicleId: &quot;test-ext-vechicle-id&quot;)" computerName="EPUAKHAW2229" duration="00:00:00.0036853" startTime="2021-04-15T13:13:54.5288544+03:00" endTime="2021-04-15T13:13:54.5288572+03:00" testType="13cdc9d9-ddb5-4fa4-a97d-d965ccfc6d4b" outcome="Passed" testListId="8c84fa94-04c1-424b-9868-57a2d4851a1d" relativeResultsDirectory="1d8bb529-93b5-4ba0-8954-790408eef434" />
    <UnitTestResult executionId="cf61f83c-96cc-4cc2-87aa-a3e3c34ff44a" testId="0676cfdb-00cc-1a30-2ab2-8f4932818cf7" testName="AutomotivePlatform.ParkNow.Sessions.Service.Tests.V2.Controllers.SessionControllerTest.DeleteSessionAsync_ShouldRespondWithBadRequest_IfSessionIdInvalid(sessionId: &quot;CSD&quot;)" computerName="EPUAKHAW2229" duration="00:00:00.0018534" startTime="2021-04-15T13:13:54.4641759+03:00" endTime="2021-04-15T13:13:54.4641785+03:00" testType="13cdc9d9-ddb5-4fa4-a97d-d965ccfc6d4b" outcome="Passed" testListId="8c84fa94-04c1-424b-9868-57a2d4851a1d" relativeResultsDirectory="cf61f83c-96cc-4cc2-87aa-a3e3c34ff44a" />
    <UnitTestResult executionId="f9eab333-b7a7-4d6c-819b-ab97b6dc5931" testId="e3ca7f44-5735-14ed-5a7f-9ca47c97a65c" testName="AutomotivePlatform.ParkNow.Sessions.Service.Tests.V2.MappingProfiles.QuoteDtoToPriceConverterTests.Convert_ShouldCorrectlyConvertPrice" computerName="EPUAKHAW2229" duration="00:00:00.0007679" startTime="2021-04-15T13:13:54.3385819+03:00" endTime="2021-04-15T13:13:54.3385831+03:00" testType="13cdc9d9-ddb5-4fa4-a97d-d965ccfc6d4b" outcome="Passed" testListId="8c84fa94-04c1-424b-9868-57a2d4851a1d" relativeResultsDirectory="f9eab333-b7a7-4d6c-819b-ab97b6dc5931" />
    <UnitTestResult executionId="e2afd09b-165f-457b-a022-1bed01c07910" testId="35c1cb72-c1ca-cc0f-9afa-68a64cfc68ef" testName="AutomotivePlatform.ParkNow.Sessions.Service.Tests.V2.MappingProfiles.QuotesProfileTests.Mapper_ShouldCorrectlyMapCreateQuoteDto" computerName="EPUAKHAW2229" duration="00:00:00.0176142" startTime="2021-04-15T13:13:54.7548946+03:00" endTime="2021-04-15T13:13:54.7548977+03:00" testType="13cdc9d9-ddb5-4fa4-a97d-d965ccfc6d4b" outcome="Passed" testListId="8c84fa94-04c1-424b-9868-57a2d4851a1d" relativeResultsDirectory="e2afd09b-165f-457b-a022-1bed01c07910" />
    <UnitTestResult executionId="b05aacff-c884-49a0-aa5d-412f77533e93" testId="94e980b3-8396-0f93-8ab3-bdb14a24a7a2" testName="AutomotivePlatform.ParkNow.Sessions.Service.Tests.V2.MappingProfiles.SessionsProfileTest.Mapper_ShouldDefineMappingForAllProperties" computerName="EPUAKHAW2229" duration="00:00:00.0204628" startTime="2021-04-15T13:13:55.1572618+03:00" endTime="2021-04-15T13:13:55.1572659+03:00" testType="13cdc9d9-ddb5-4fa4-a97d-d965ccfc6d4b" outcome="Passed" testListId="8c84fa94-04c1-424b-9868-57a2d4851a1d" relativeResultsDirectory="b05aacff-c884-49a0-aa5d-412f77533e93" />
    <UnitTestResult executionId="a4dde56c-0f1a-48e5-945f-13f7e4c128c3" testId="a067172a-28f4-ad04-d19a-ff7907bc6790" testName="AutomotivePlatform.ParkNow.Sessions.Service.Tests.V2.Controllers.SessionControllerTest.DeleteSessionAsync_ShouldRespondWith_OkStatusCode" computerName="EPUAKHAW2229" duration="00:00:00.0048162" startTime="2021-04-15T13:13:54.5379116+03:00" endTime="2021-04-15T13:13:54.5379155+03:00" testType="13cdc9d9-ddb5-4fa4-a97d-d965ccfc6d4b" outcome="Passed" testListId="8c84fa94-04c1-424b-9868-57a2d4851a1d" relativeResultsDirectory="a4dde56c-0f1a-48e5-945f-13f7e4c128c3" />
    <UnitTestResult executionId="7001e515-0e26-4650-b089-23a09242a33b" testId="b3cf6ec4-1651-9cff-fff9-548f81de455d" testName="AutomotivePlatform.ParkNow.Sessions.Service.Tests.V2.MappingProfiles.QuotesProfileTests.Mapper_ShouldCorrectlyMap_QuoteDetails" computerName="EPUAKHAW2229" duration="00:00:00.0152291" startTime="2021-04-15T13:13:54.7702384+03:00" endTime="2021-04-15T13:13:54.7702413+03:00" testType="13cdc9d9-ddb5-4fa4-a97d-d965ccfc6d4b" outcome="Passed" testListId="8c84fa94-04c1-424b-9868-57a2d4851a1d" relativeResultsDirectory="7001e515-0e26-4650-b089-23a09242a33b" />
    <UnitTestResult executionId="bdf43f57-ebae-4e1c-96ff-16d6292feb0b" testId="97c5eb2f-b678-1bb1-1509-f6c115397e11" testName="AutomotivePlatform.ParkNow.Sessions.Service.Tests.V2.Controllers.SessionControllerTest.GetPastSessionsAsync_ShouldReturnSessionsResponse" computerName="EPUAKHAW2229" duration="00:00:00.0072188" startTime="2021-04-15T13:13:54.5518146+03:00" endTime="2021-04-15T13:13:54.5518173+03:00" testType="13cdc9d9-ddb5-4fa4-a97d-d965ccfc6d4b" outcome="Passed" testListId="8c84fa94-04c1-424b-9868-57a2d4851a1d" relativeResultsDirectory="bdf43f57-ebae-4e1c-96ff-16d6292feb0b" />
    <UnitTestResult executionId="b9611048-a82b-410d-aee8-36e6cb0e47df" testId="53e2da6d-ec98-9391-85f4-4b43014593f1" testName="AutomotivePlatform.ParkNow.Sessions.Service.Tests.V2.Controllers.SessionControllerTest.CreateSessionAsync_ShouldRespondWithCreatedAtRouteResult" computerName="EPUAKHAW2229" duration="00:00:00.0042875" startTime="2021-04-15T13:13:54.5619728+03:00" endTime="2021-04-15T13:13:54.5619758+03:00" testType="13cdc9d9-ddb5-4fa4-a97d-d965ccfc6d4b" outcome="Passed" testListId="8c84fa94-04c1-424b-9868-57a2d4851a1d" relativeResultsDirectory="b9611048-a82b-410d-aee8-36e6cb0e47df" />
    <UnitTestResult executionId="2d2b7ec9-13c7-4a1e-bf24-586793b9423f" testId="f0183750-6abc-0abb-2776-3142aa3d658d" testName="AutomotivePlatform.ParkNow.Sessions.Service.Tests.V2.MappingProfiles.QuoteDtoToTimeConverterTests.Convert_ShouldCorrectlyMapDurationChange(amount: 5, type: &quot;days&quot;, expected: Shorter)" computerName="EPUAKHAW2229" duration="00:00:00.0161719" startTime="2021-04-15T13:13:54.2603667+03:00" endTime="2021-04-15T13:13:54.2603669+03:00" testType="13cdc9d9-ddb5-4fa4-a97d-d965ccfc6d4b" outcome="Passed" testListId="8c84fa94-04c1-424b-9868-57a2d4851a1d" relativeResultsDirectory="2d2b7ec9-13c7-4a1e-bf24-586793b9423f" />
    <UnitTestResult executionId="90783127-6fa6-4153-a0c1-59817b39972a" testId="0a903104-12bb-5b4e-b992-80992d22bd9e" testName="AutomotivePlatform.ParkNow.Sessions.Service.Tests.V2.MappingProfiles.SessionsProfileTest.Mapper_ShouldCorrectlyMapCreateSessionResponse_BuyTimeResponseDto" computerName="EPUAKHAW2229" duration="00:00:00.0365733" startTime="2021-04-15T13:13:55.2971178+03:00" endTime="2021-04-15T13:13:55.2971207+03:00" testType="13cdc9d9-ddb5-4fa4-a97d-d965ccfc6d4b" outcome="Passed" testListId="8c84fa94-04c1-424b-9868-57a2d4851a1d" relativeResultsDirectory="90783127-6fa6-4153-a0c1-59817b39972a" />
    <UnitTestResult executionId="ff17ac53-a286-4bfb-bc1b-cb9a071909bc" testId="5eab034f-07b0-3150-f376-ce0df95d271b" testName="AutomotivePlatform.ParkNow.Sessions.Service.Tests.V2.Controllers.SessionControllerTest.DeleteSessionAsync_ShouldRespondWith_DeleteSessionResponse" computerName="EPUAKHAW2229" duration="00:00:00.0061753" startTime="2021-04-15T13:13:54.4847506+03:00" endTime="2021-04-15T13:13:54.4847538+03:00" testType="13cdc9d9-ddb5-4fa4-a97d-d965ccfc6d4b" outcome="Passed" testListId="8c84fa94-04c1-424b-9868-57a2d4851a1d" relativeResultsDirectory="ff17ac53-a286-4bfb-bc1b-cb9a071909bc" />
    <UnitTestResult executionId="b587a09f-feb5-48f9-9abf-6993314b5a39" testId="5f799693-73ee-7e9f-c767-b9a7fa0f4ee4" testName="AutomotivePlatform.ParkNow.Sessions.Service.Tests.V2.MappingProfiles.LocationTypeResolverTests.LocationTypeResolver_ShouldCorrectlyResolveLocationType(locationType: &quot;Unknown&quot;, resolvedType: NotSet)" computerName="EPUAKHAW2229" duration="00:00:00.0000123" startTime="2021-04-15T13:13:54.3263112+03:00" endTime="2021-04-15T13:13:54.3263114+03:00" testType="13cdc9d9-ddb5-4fa4-a97d-d965ccfc6d4b" outcome="Passed" testListId="8c84fa94-04c1-424b-9868-57a2d4851a1d" relativeResultsDirectory="b587a09f-feb5-48f9-9abf-6993314b5a39" />
    <UnitTestResult executionId="366cbb5f-54b1-4f03-8c29-da0221810bd4" testId="9d06d365-3e0a-8e7b-8642-65202c6cf1d9" testName="AutomotivePlatform.ParkNow.Sessions.Service.Tests.V2.MappingProfiles.LocationTypeResolverTests.LocationTypeResolver_ShouldCorrectlyResolveLocationType(locationType: &quot;OnStreet&quot;, resolvedType: OnStreet)" computerName="EPUAKHAW2229" duration="00:00:00.0000111" startTime="2021-04-15T13:13:54.3260190+03:00" endTime="2021-04-15T13:13:54.3260198+03:00" testType="13cdc9d9-ddb5-4fa4-a97d-d965ccfc6d4b" outcome="Passed" testListId="8c84fa94-04c1-424b-9868-57a2d4851a1d" relativeResultsDirectory="366cbb5f-54b1-4f03-8c29-da0221810bd4" />
    <UnitTestResult executionId="9fc608d0-432d-4ece-acfa-fee2803ef622" testId="74ce2aca-e7ff-5859-6e70-95a7adb49992" testName="AutomotivePlatform.ParkNow.Sessions.Service.Tests.V2.Controllers.SessionControllerTest.DeleteSessionAsync_ShouldRespondWithBadRequest_IfSessionIdInvalid(sessionId: &quot;***123***&quot;)" computerName="EPUAKHAW2229" duration="00:00:00.0030417" startTime="2021-04-15T13:13:54.4572096+03:00" endTime="2021-04-15T13:13:54.4572122+03:00" testType="13cdc9d9-ddb5-4fa4-a97d-d965ccfc6d4b" outcome="Passed" testListId="8c84fa94-04c1-424b-9868-57a2d4851a1d" relativeResultsDirectory="9fc608d0-432d-4ece-acfa-fee2803ef622" />
    <UnitTestResult executionId="23cd0587-962e-402a-8a4b-b010669cc7b5" testId="d183b8d5-0e57-e4c3-bc09-d68b22590944" testName="AutomotivePlatform.ParkNow.Sessions.Service.Tests.V2.MappingProfiles.LocationTypeResolverTests.LocationTypeResolver_ShouldCorrectlyResolveLocationType(locationType: &quot;DayCards&quot;, resolvedType: DayCards)" computerName="EPUAKHAW2229" duration="00:00:00.0104077" startTime="2021-04-15T13:13:54.2603381+03:00" endTime="2021-04-15T13:13:54.2603383+03:00" testType="13cdc9d9-ddb5-4fa4-a97d-d965ccfc6d4b" outcome="Passed" testListId="8c84fa94-04c1-424b-9868-57a2d4851a1d" relativeResultsDirectory="23cd0587-962e-402a-8a4b-b010669cc7b5" />
    <UnitTestResult executionId="df12efb4-f440-4ebc-af5c-1c9595e38cfc" testId="8befce43-8029-f447-3f1a-6c3e4ee21ab5" testName="AutomotivePlatform.ParkNow.Sessions.Service.Tests.V2.Controllers.SessionControllerTest.GetSessionDetailsAsync_ShouldReturnSessionDetailsResponse" computerName="EPUAKHAW2229" duration="00:00:00.0056743" startTime="2021-04-15T13:13:54.5575808+03:00" endTime="2021-04-15T13:13:54.5575831+03:00" testType="13cdc9d9-ddb5-4fa4-a97d-d965ccfc6d4b" outcome="Passed" testListId="8c84fa94-04c1-424b-9868-57a2d4851a1d" relativeResultsDirectory="df12efb4-f440-4ebc-af5c-1c9595e38cfc" />
    <UnitTestResult executionId="06a50c3e-f244-495f-8984-6ce2c0dec3c4" testId="d3778e06-749d-451d-a5f0-c7663bb41a0b" testName="AutomotivePlatform.ParkNow.Sessions.Service.Tests.V2.Controllers.SessionControllerTest.DeleteSessionAsync_ShouldRespondWithBadRequest_IfSessionIdInvalid(sessionId: &quot;kLm12&quot;)" computerName="EPUAKHAW2229" duration="00:00:00.2236170" startTime="2021-04-15T13:13:54.4539994+03:00" endTime="2021-04-15T13:13:54.4540027+03:00" testType="13cdc9d9-ddb5-4fa4-a97d-d965ccfc6d4b" outcome="Passed" testListId="8c84fa94-04c1-424b-9868-57a2d4851a1d" relativeResultsDirectory="06a50c3e-f244-495f-8984-6ce2c0dec3c4" />
    <UnitTestResult executionId="a4195f03-92e7-471b-bbda-5c27ed57aefb" testId="e3198cc6-7f9a-a221-be42-89ec7265a2bc" testName="AutomotivePlatform.ParkNow.Sessions.Service.Tests.V2.MappingProfiles.SessionsProfileTest.Mapper_ShouldCorrectlyMapDeleteSessionResponse" computerName="EPUAKHAW2229" duration="00:00:00.0309117" startTime="2021-04-15T13:13:55.2255280+03:00" endTime="2021-04-15T13:13:55.2255306+03:00" testType="13cdc9d9-ddb5-4fa4-a97d-d965ccfc6d4b" outcome="Passed" testListId="8c84fa94-04c1-424b-9868-57a2d4851a1d" relativeResultsDirectory="a4195f03-92e7-471b-bbda-5c27ed57aefb" />
    <UnitTestResult executionId="c1887741-a587-4e9d-b7a8-12de5e5760ca" testId="9dadf636-8c1f-561c-94fe-e4332d35b0a2" testName="AutomotivePlatform.ParkNow.Sessions.Service.Tests.V2.MappingProfiles.SessionsProfileTest.Mapper_GetSessionDetails_ShouldCorrectlyMap_SessionType(sessionStatus: &quot;Active&quot;, expectedSessionType: Active)" computerName="EPUAKHAW2229" duration="00:00:00.0408347" startTime="2021-04-15T13:13:54.9784235+03:00" endTime="2021-04-15T13:13:54.9784263+03:00" testType="13cdc9d9-ddb5-4fa4-a97d-d965ccfc6d4b" outcome="Passed" testListId="8c84fa94-04c1-424b-9868-57a2d4851a1d" relativeResultsDirectory="c1887741-a587-4e9d-b7a8-12de5e5760ca" />
    <UnitTestResult executionId="24acfdb1-9e99-4643-b9ae-3ba215dda77f" testId="8d803e48-8d9b-5b27-b04b-b46f76a3f802" testName="AutomotivePlatform.ParkNow.Sessions.Service.Tests.V2.Controllers.SessionControllerTest.DeleteSessionAsync_ShouldRespondWithBadRequest_IfSessionIdInvalid(sessionId: &quot;k12m&quot;)" computerName="EPUAKHAW2229" duration="00:00:00.0023958" startTime="2021-04-15T13:13:54.4622676+03:00" endTime="2021-04-15T13:13:54.4622709+03:00" testType="13cdc9d9-ddb5-4fa4-a97d-d965ccfc6d4b" outcome="Passed" testListId="8c84fa94-04c1-424b-9868-57a2d4851a1d" relativeResultsDirectory="24acfdb1-9e99-4643-b9ae-3ba215dda77f" />
    <UnitTestResult executionId="35a7ccdc-03f7-4644-b7cd-7dbb4fb8819c" testId="ec2f87e2-fcb7-a186-699d-93bf1080be9b" testName="AutomotivePlatform.ParkNow.Sessions.Service.Tests.V2.MappingProfiles.QuoteDtoToTimeConverterTests.Convert_ShouldCorrectlyMapDurationChange(amount: 150, type: &quot;minutes&quot;, expected: NoChange)" computerName="EPUAKHAW2229" duration="00:00:00.0000147" startTime="2021-04-15T13:13:54.3216746+03:00" endTime="2021-04-15T13:13:54.3216748+03:00" testType="13cdc9d9-ddb5-4fa4-a97d-d965ccfc6d4b" outcome="Passed" testListId="8c84fa94-04c1-424b-9868-57a2d4851a1d" relativeResultsDirectory="35a7ccdc-03f7-4644-b7cd-7dbb4fb8819c" />
    <UnitTestResult executionId="7e3666d2-37e4-4cb9-a087-c1ae02f154b4" testId="e1ddcb33-0e53-0213-8ed9-cfc6291909fc" testName="AutomotivePlatform.ParkNow.Sessions.Service.Tests.V2.MappingProfiles.SessionsProfileTest.Mapper_ShouldCorrectlyMapCreateSessionResponse_SimpleStartDto" computerName="EPUAKHAW2229" duration="00:00:00.0331257" startTime="2021-04-15T13:13:55.0504776+03:00" endTime="2021-04-15T13:13:55.0504809+03:00" testType="13cdc9d9-ddb5-4fa4-a97d-d965ccfc6d4b" outcome="Passed" testListId="8c84fa94-04c1-424b-9868-57a2d4851a1d" relativeResultsDirectory="7e3666d2-37e4-4cb9-a087-c1ae02f154b4" />
    <UnitTestResult executionId="b162fb68-1d92-43c6-ae9a-f8b334fdd239" testId="a6d2bf44-d43b-844f-bc76-b2a308b67fbd" testName="AutomotivePlatform.ParkNow.Sessions.Service.Tests.V2.MappingProfiles.SessionsProfileTest.Model_ShouldNotIncludeVehiclePosition_IfAtLeastOneOfRequiredParametersIsMissing(includeInContext: True, latitude: 12.34, longitude: null)" computerName="EPUAKHAW2229" duration="00:00:00.0293771" startTime="2021-04-15T13:13:54.8023090+03:00" endTime="2021-04-15T13:13:54.8023120+03:00" testType="13cdc9d9-ddb5-4fa4-a97d-d965ccfc6d4b" outcome="Passed" testListId="8c84fa94-04c1-424b-9868-57a2d4851a1d" relativeResultsDirectory="b162fb68-1d92-43c6-ae9a-f8b334fdd239" />
    <UnitTestResult executionId="7f31aebd-122a-4618-a99c-bb5aeb567833" testId="d416ce47-6a88-8960-9835-3896597dd6d7" testName="AutomotivePlatform.ParkNow.Sessions.Service.Tests.V2.MappingProfiles.QuotesProfileTests.Mapper_ShouldSkipTariffTypeWithDefaultValue" computerName="EPUAKHAW2229" duration="00:00:00.0158111" startTime="2021-04-15T13:13:54.7102998+03:00" endTime="2021-04-15T13:13:54.7103022+03:00" testType="13cdc9d9-ddb5-4fa4-a97d-d965ccfc6d4b" outcome="Passed" testListId="8c84fa94-04c1-424b-9868-57a2d4851a1d" relativeResultsDirectory="7f31aebd-122a-4618-a99c-bb5aeb567833" />
    <UnitTestResult executionId="fed6baf4-9ed2-47c9-9e8d-6109ef1e4715" testId="d96582a5-e2c2-77c9-ea00-ca0d16fbb77e" testName="AutomotivePlatform.ParkNow.Sessions.Service.Tests.V2.MappingProfiles.TimeBlockUnitResolverTests.TimeBlockUnitResolver_ShouldCorrectlyResolveValue(durationUnit: Minute, expected: &quot;minutes&quot;)" computerName="EPUAKHAW2229" duration="00:00:00.0016772" startTime="2021-04-15T13:13:54.3310174+03:00" endTime="2021-04-15T13:13:54.3310187+03:00" testType="13cdc9d9-ddb5-4fa4-a97d-d965ccfc6d4b" outcome="Passed" testListId="8c84fa94-04c1-424b-9868-57a2d4851a1d" relativeResultsDirectory="fed6baf4-9ed2-47c9-9e8d-6109ef1e4715" />
    <UnitTestResult executionId="6a019279-465f-4a8f-b15a-c09bcf20dd61" testId="fb7c4623-14a9-164d-4650-423e9471e9e2" testName="AutomotivePlatform.ParkNow.Sessions.Service.Tests.V2.Controllers.SessionControllerTest.CreateSessionAsync_ShouldRespondWithValidationError_ForSimpleStartSessionWhenRequiredFieldsAreNotSet(locationId: null, vehicleId: &quot;test-vechicle-id&quot;, extVehicleId: &quot;test-ext-vechicle-id&quot;)" computerName="EPUAKHAW2229" duration="00:00:00.0031795" startTime="2021-04-15T13:13:54.5076415+03:00" endTime="2021-04-15T13:13:54.5076443+03:00" testType="13cdc9d9-ddb5-4fa4-a97d-d965ccfc6d4b" outcome="Passed" testListId="8c84fa94-04c1-424b-9868-57a2d4851a1d" relativeResultsDirectory="6a019279-465f-4a8f-b15a-c09bcf20dd61" />
    <UnitTestResult executionId="8d872da6-10ff-4b10-8234-1ff973257204" testId="bb606dbc-2b3b-4b01-c27b-54c90b7abc42" testName="AutomotivePlatform.ParkNow.Sessions.Service.Tests.V2.MappingProfiles.TimeBlockQuantityResolverTests.TimeBlockQuantityResolver_ShouldReturnDefaultValuesForSpecficTypes(durationUnit: Minute, value: 60, expected: 60)" computerName="EPUAKHAW2229" duration="00:00:00.0106171" startTime="2021-04-15T13:13:54.2538394+03:00" endTime="2021-04-15T13:13:54.2541942+03:00" testType="13cdc9d9-ddb5-4fa4-a97d-d965ccfc6d4b" outcome="Passed" testListId="8c84fa94-04c1-424b-9868-57a2d4851a1d" relativeResultsDirectory="8d872da6-10ff-4b10-8234-1ff973257204" />
    <UnitTestResult executionId="a75f8ac8-58de-4114-a8d3-7c0778aedc9b" testId="4a4bca1f-26dc-ddb4-6787-db03f2d14221" testName="AutomotivePlatform.ParkNow.Sessions.Service.Tests.V2.MappingProfiles.SessionsTypeResolverTests.SessionsTypeResolver_ShouldCorrectlyResolveSessionTypeForSessionResponse1(timespanNowUts: 2, timespanStopUtc: 1, sessionType: Past)" computerName="EPUAKHAW2229" duration="00:00:00.0146220" startTime="2021-04-15T13:13:54.2603546+03:00" endTime="2021-04-15T13:13:54.2603547+03:00" testType="13cdc9d9-ddb5-4fa4-a97d-d965ccfc6d4b" outcome="Passed" testListId="8c84fa94-04c1-424b-9868-57a2d4851a1d" relativeResultsDirectory="a75f8ac8-58de-4114-a8d3-7c0778aedc9b" />
    <UnitTestResult executionId="0cb695fa-4ca9-4d85-a25b-3f6749f0195a" testId="3165e731-39eb-270f-9b05-ade34af99a95" testName="AutomotivePlatform.ParkNow.Sessions.Service.Tests.V2.MappingProfiles.QuotesProfileTests.Mapper_ShouldCorrectlyMap_CreateQuoteResponse" computerName="EPUAKHAW2229" duration="00:00:00.4637820" startTime="2021-04-15T13:13:54.6944115+03:00" endTime="2021-04-15T13:13:54.6944138+03:00" testType="13cdc9d9-ddb5-4fa4-a97d-d965ccfc6d4b" outcome="Passed" testListId="8c84fa94-04c1-424b-9868-57a2d4851a1d" relativeResultsDirectory="0cb695fa-4ca9-4d85-a25b-3f6749f0195a" />
    <UnitTestResult executionId="221fac9b-64ba-40fa-b639-9024e2e7dabb" testId="0158a882-b5ee-e7f8-268b-b17ab861d01c" testName="AutomotivePlatform.ParkNow.Sessions.Service.Tests.V2.Controllers.SessionControllerTest.DeleteSessionAsync_ShouldRespondWithBadRequest_IfSessionIdInvalid(sessionId: &quot;kLm&quot;)" computerName="EPUAKHAW2229" duration="00:00:00.0017469" startTime="2021-04-15T13:13:54.4677896+03:00" endTime="2021-04-15T13:13:54.4677920+03:00" testType="13cdc9d9-ddb5-4fa4-a97d-d965ccfc6d4b" outcome="Passed" testListId="8c84fa94-04c1-424b-9868-57a2d4851a1d" relativeResultsDirectory="221fac9b-64ba-40fa-b639-9024e2e7dabb" />
    <UnitTestResult executionId="dc21a82b-9a40-4ba5-a53d-882f111f56d7" testId="cc1b6682-8808-c213-d39a-dc44fd7f4d13" testName="AutomotivePlatform.ParkNow.Sessions.Service.Tests.V2.MappingProfiles.SessionsProfileTest.Model_ShouldNotIncludeVehiclePosition_IfAtLeastOneOfRequiredParametersIsMissing(includeInContext: False, latitude: 12.34, longitude: 56.78)" computerName="EPUAKHAW2229" duration="00:00:00.0412646" startTime="2021-04-15T13:13:54.8437580+03:00" endTime="2021-04-15T13:13:54.8437609+03:00" testType="13cdc9d9-ddb5-4fa4-a97d-d965ccfc6d4b" outcome="Passed" testListId="8c84fa94-04c1-424b-9868-57a2d4851a1d" relativeResultsDirectory="dc21a82b-9a40-4ba5-a53d-882f111f56d7" />
    <UnitTestResult executionId="94605374-f77b-4fc7-a409-6002a9c6b371" testId="697a95f0-5b05-d959-fff6-8aaeefd97b7f" testName="AutomotivePlatform.ParkNow.Sessions.Service.Tests.V2.MappingProfiles.TimeBlockUnitResolverTests.TimeBlockUnitResolver_ShouldCorrectlyResolveValue(durationUnit: Day, expected: &quot;days&quot;)" computerName="EPUAKHAW2229" duration="00:00:00.0000099" startTime="2021-04-15T13:13:54.3345745+03:00" endTime="2021-04-15T13:13:54.3345750+03:00" testType="13cdc9d9-ddb5-4fa4-a97d-d965ccfc6d4b" outcome="Passed" testListId="8c84fa94-04c1-424b-9868-57a2d4851a1d" relativeResultsDirectory="94605374-f77b-4fc7-a409-6002a9c6b371" />
    <UnitTestResult executionId="85483fd8-82a4-4589-9758-d005c29a4d05" testId="79f3b592-6b63-8868-710c-2f2f1b9b81ed" testName="AutomotivePlatform.ParkNow.Sessions.Service.Tests.V2.MappingProfiles.QuoteDtoToTimeConverterTests.Convert_ShouldCorrectlyMapDurationChange(amount: 1, type: &quot;hours&quot;, expected: Longer)" computerName="EPUAKHAW2229" duration="00:00:00.0000710" startTime="2021-04-15T13:13:54.3213691+03:00" endTime="2021-04-15T13:13:54.3213699+03:00" testType="13cdc9d9-ddb5-4fa4-a97d-d965ccfc6d4b" outcome="Passed" testListId="8c84fa94-04c1-424b-9868-57a2d4851a1d" relativeResultsDirectory="85483fd8-82a4-4589-9758-d005c29a4d05" />
    <UnitTestResult executionId="da24cb7f-eed1-423b-8b28-158398126e5b" testId="a843276b-fa20-42dc-e450-cb7afb841844" testName="AutomotivePlatform.ParkNow.Sessions.Service.Tests.V2.Controllers.SessionControllerTest.DeleteSessionAsync_ShouldRespondWithBadRequest_IfSessionIdInvalid(sessionId: &quot;I&amp;N^V*ALID1&quot;)" computerName="EPUAKHAW2229" duration="00:00:00.0026936" startTime="2021-04-15T13:13:54.4761829+03:00" endTime="2021-04-15T13:13:54.4761856+03:00" testType="13cdc9d9-ddb5-4fa4-a97d-d965ccfc6d4b" outcome="Passed" testListId="8c84fa94-04c1-424b-9868-57a2d4851a1d" relativeResultsDirectory="da24cb7f-eed1-423b-8b28-158398126e5b" />
    <UnitTestResult executionId="2ea82b91-be73-48bd-baa9-d85c810db539" testId="43dce984-83c6-98a7-09a8-041ce612d413" testName="AutomotivePlatform.ParkNow.Sessions.Service.Tests.V2.MappingProfiles.QuotesProfileTests.Mapper_ShouldDefineMappingForAllProperties" computerName="EPUAKHAW2229" duration="00:00:00.0267242" startTime="2021-04-15T13:13:54.7371233+03:00" endTime="2021-04-15T13:13:54.7371251+03:00" testType="13cdc9d9-ddb5-4fa4-a97d-d965ccfc6d4b" outcome="Passed" testListId="8c84fa94-04c1-424b-9868-57a2d4851a1d" relativeResultsDirectory="2ea82b91-be73-48bd-baa9-d85c810db539" />
    <UnitTestResult executionId="354f37c9-0d94-47be-9db8-1850fda19cbf" testId="e9f8aa92-63be-cc21-8ef5-92cd7cbc0bb2" testName="AutomotivePlatform.ParkNow.Sessions.Service.Tests.V2.MappingProfiles.SessionsProfileTest.Mapper_GetSessionDetails_ShouldCorrectlyMap_SessionType(sessionStatus: &quot;Inactive&quot;, expectedSessionType: Past)" computerName="EPUAKHAW2229" duration="00:00:00.0321174" startTime="2021-04-15T13:13:54.9058267+03:00" endTime="2021-04-15T13:13:54.9058298+03:00" testType="13cdc9d9-ddb5-4fa4-a97d-d965ccfc6d4b" outcome="Passed" testListId="8c84fa94-04c1-424b-9868-57a2d4851a1d" relativeResultsDirectory="354f37c9-0d94-47be-9db8-1850fda19cbf" />
    <UnitTestResult executionId="807c8c81-7133-49a7-8a5a-c7ac91fdc99b" testId="84a1fe10-cb87-15f4-696b-6c94735d1e7e" testName="AutomotivePlatform.ParkNow.Sessions.Service.Tests.V2.Controllers.SessionControllerTest.DeleteSessionAsync_ShouldRespondWithBadRequest_IfSessionIdInvalid(sessionId: &quot;12sd&quot;)" computerName="EPUAKHAW2229" duration="00:00:00.0024634" startTime="2021-04-15T13:13:54.4597643+03:00" endTime="2021-04-15T13:13:54.4597662+03:00" testType="13cdc9d9-ddb5-4fa4-a97d-d965ccfc6d4b" outcome="Passed" testListId="8c84fa94-04c1-424b-9868-57a2d4851a1d" relativeResultsDirectory="807c8c81-7133-49a7-8a5a-c7ac91fdc99b" />
    <UnitTestResult executionId="d118ac1a-deb4-43c1-a332-d9c4a06a444f" testId="81585a9b-f552-1367-c49f-4d1f424b730c" testName="AutomotivePlatform.ParkNow.Sessions.Service.Tests.V2.MappingProfiles.TimeBlockUnitResolverTests.TimeBlockUnitResolver_ShouldCorrectlyResolveValue(durationUnit: Hour, expected: &quot;hours&quot;)" computerName="EPUAKHAW2229" duration="00:00:00.0000083" startTime="2021-04-15T13:13:54.3344824+03:00" endTime="2021-04-15T13:13:54.3344832+03:00" testType="13cdc9d9-ddb5-4fa4-a97d-d965ccfc6d4b" outcome="Passed" testListId="8c84fa94-04c1-424b-9868-57a2d4851a1d" relativeResultsDirectory="d118ac1a-deb4-43c1-a332-d9c4a06a444f" />
    <UnitTestResult executionId="ddd02b52-c58a-422d-bd90-31826a3ca106" testId="7fc67ebe-723f-56d9-ab25-0da7916d4cb0" testName="AutomotivePlatform.ParkNow.Sessions.Service.Tests.V2.MappingProfiles.SessionsProfileTest.Mapper_ShouldSkipTariffTypeWithDefaultValue" computerName="EPUAKHAW2229" duration="00:00:00.0181076" startTime="2021-04-15T13:13:55.1366665+03:00" endTime="2021-04-15T13:13:55.1366698+03:00" testType="13cdc9d9-ddb5-4fa4-a97d-d965ccfc6d4b" outcome="Passed" testListId="8c84fa94-04c1-424b-9868-57a2d4851a1d" relativeResultsDirectory="ddd02b52-c58a-422d-bd90-31826a3ca106" />
    <UnitTestResult executionId="5f32c2f9-ff5f-437b-a4fa-f3acf4fe4903" testId="c0f7db9e-8995-faf4-3b44-1d1fcc0e6685" testName="AutomotivePlatform.ParkNow.Sessions.Service.Tests.V2.Controllers.SessionControllerTest.GetActiveSessionsAsync_ShouldReturnSessionsResponse" computerName="EPUAKHAW2229" duration="00:00:00.0064729" startTime="2021-04-15T13:13:54.5444977+03:00" endTime="2021-04-15T13:13:54.5445007+03:00" testType="13cdc9d9-ddb5-4fa4-a97d-d965ccfc6d4b" outcome="Passed" testListId="8c84fa94-04c1-424b-9868-57a2d4851a1d" relativeResultsDirectory="5f32c2f9-ff5f-437b-a4fa-f3acf4fe4903" />
    <UnitTestResult executionId="3f113ff2-00f6-4171-9700-7e2498ace723" testId="fe62e983-7699-2ec9-eebb-bd6e558c64a3" testName="AutomotivePlatform.ParkNow.Sessions.Service.Tests.V2.MappingProfiles.SessionsTypeResolverTests.SessionsTypeResolver_ShouldCorrectlyResolveSessionTypeForSessionResponse1(timespanNowUts: -1, timespanStopUtc: 1, sessionType: Active)" computerName="EPUAKHAW2229" duration="00:00:00.0000710" startTime="2021-04-15T13:13:54.3210415+03:00" endTime="2021-04-15T13:13:54.3210427+03:00" testType="13cdc9d9-ddb5-4fa4-a97d-d965ccfc6d4b" outcome="Passed" testListId="8c84fa94-04c1-424b-9868-57a2d4851a1d" relativeResultsDirectory="3f113ff2-00f6-4171-9700-7e2498ace723" />
    <UnitTestResult executionId="d4d28874-ef2a-4397-b937-0e8067617607" testId="115d1851-4b3f-29a7-6f0b-f558c0c5442c" testName="AutomotivePlatform.ParkNow.Sessions.Service.Tests.V2.MappingProfiles.LocationTypeResolverTests.LocationTypeResolver_ShouldCorrectlyResolveLocationType(locationType: &quot;OffStreet&quot;, resolvedType: OffStreet)" computerName="EPUAKHAW2229" duration="00:00:00.0000947" startTime="2021-04-15T13:13:54.3215555+03:00" endTime="2021-04-15T13:13:54.3215563+03:00" testType="13cdc9d9-ddb5-4fa4-a97d-d965ccfc6d4b" outcome="Passed" testListId="8c84fa94-04c1-424b-9868-57a2d4851a1d" relativeResultsDirectory="d4d28874-ef2a-4397-b937-0e8067617607" />
    <UnitTestResult executionId="d020cd08-a2cd-4ff3-96a8-29d90fbf8050" testId="8dd73015-4494-ac7e-3de5-5c97121c2b50" testName="AutomotivePlatform.ParkNow.Sessions.Service.Tests.V2.Controllers.SessionControllerTest.CreateSessionAsync_ShouldRespondWithCreatedAtRouteResult_ForSimpleStartSession(vehicleId: &quot;test-vechicle-id&quot;, extVehicleId: null)" computerName="EPUAKHAW2229" duration="00:00:00.0038064" startTime="2021-04-15T13:13:54.5327946+03:00" endTime="2021-04-15T13:13:54.5327989+03:00" testType="13cdc9d9-ddb5-4fa4-a97d-d965ccfc6d4b" outcome="Passed" testListId="8c84fa94-04c1-424b-9868-57a2d4851a1d" relativeResultsDirectory="d020cd08-a2cd-4ff3-96a8-29d90fbf8050" />
    <UnitTestResult executionId="198e5f64-0ffb-44fc-9484-9264e08c6391" testId="4a4805fe-3285-a8b9-b786-fe56c45c752d" testName="AutomotivePlatform.ParkNow.Sessions.Service.Tests.V2.Controllers.SessionControllerTest.CreateSessionAsync_ShouldRespondWithCreatedAtRouteResult_ForSimpleStartSession(vehicleId: null, extVehicleId: &quot;test-ext-vechicle-id&quot;)" computerName="EPUAKHAW2229" duration="00:00:00.0147172" startTime="2021-04-15T13:13:54.5250548+03:00" endTime="2021-04-15T13:13:54.5250577+03:00" testType="13cdc9d9-ddb5-4fa4-a97d-d965ccfc6d4b" outcome="Passed" testListId="8c84fa94-04c1-424b-9868-57a2d4851a1d" relativeResultsDirectory="198e5f64-0ffb-44fc-9484-9264e08c6391" />
    <UnitTestResult executionId="8fcad7a2-8ac1-4929-a20c-f330e0245072" testId="62ea530f-ab2b-ea0b-e7d5-bd23121f8332" testName="AutomotivePlatform.ParkNow.Sessions.Service.Tests.V2.Controllers.QuoteControllerTests.CreateBuyTimeQuoteAsync_ShouldRespondWith_CreatedQuoteAsync" computerName="EPUAKHAW2229" duration="00:00:00.2353642" startTime="2021-04-15T13:13:54.4655949+03:00" endTime="2021-04-15T13:13:54.4655968+03:00" testType="13cdc9d9-ddb5-4fa4-a97d-d965ccfc6d4b" outcome="Passed" testListId="8c84fa94-04c1-424b-9868-57a2d4851a1d" relativeResultsDirectory="8fcad7a2-8ac1-4929-a20c-f330e0245072" />
  </Results>
  <TestDefinitions>
    <UnitTest name="AutomotivePlatform.ParkNow.Sessions.Service.Tests.V2.MappingProfiles.SessionsProfileTest.Mapper_GetSessionDetails_ShouldCorrectlyMap_SessionType(sessionStatus: &quot;Inactive&quot;, expectedSessionType: Past)" storage="d:\uafi\parknow\parknow\tests\unittests\parknow\automotiveplatform.parknow.sessions.service.tests\bin\debug\netcoreapp3.1\automotiveplatform.parknow.sessions.service.tests.dll" id="e9f8aa92-63be-cc21-8ef5-92cd7cbc0bb2">
      <Execution id="354f37c9-0d94-47be-9db8-1850fda19cbf" />
      <TestMethod codeBase="D:\Uafi\ParkNow\parknow\Tests\UnitTests\ParkNow\AutomotivePlatform.ParkNow.Sessions.Service.Tests\bin\Debug\netcoreapp3.1\AutomotivePlatform.ParkNow.Sessions.Service.Tests.dll" adapterTypeName="executor://xunit/VsTestRunner2/netcoreapp" className="AutomotivePlatform.ParkNow.Sessions.Service.Tests.V2.MappingProfiles.SessionsProfileTest" name="Mapper_GetSessionDetails_ShouldCorrectlyMap_SessionType" />
    </UnitTest>
    <UnitTest name="AutomotivePlatform.ParkNow.Sessions.Service.Tests.V2.Controllers.SessionControllerTest.CreateSessionAsync_ShouldRespondWithCreatedAtRouteResult_ForSimpleStartSession(vehicleId: null, extVehicleId: &quot;test-ext-vechicle-id&quot;)" storage="d:\uafi\parknow\parknow\tests\unittests\parknow\automotiveplatform.parknow.sessions.service.tests\bin\debug\netcoreapp3.1\automotiveplatform.parknow.sessions.service.tests.dll" id="4a4805fe-3285-a8b9-b786-fe56c45c752d">
      <Execution id="198e5f64-0ffb-44fc-9484-9264e08c6391" />
      <TestMethod codeBase="D:\Uafi\ParkNow\parknow\Tests\UnitTests\ParkNow\AutomotivePlatform.ParkNow.Sessions.Service.Tests\bin\Debug\netcoreapp3.1\AutomotivePlatform.ParkNow.Sessions.Service.Tests.dll" adapterTypeName="executor://xunit/VsTestRunner2/netcoreapp" className="AutomotivePlatform.ParkNow.Sessions.Service.Tests.V2.Controllers.SessionControllerTest" name="CreateSessionAsync_ShouldRespondWithCreatedAtRouteResult_ForSimpleStartSession" />
    </UnitTest>
    <UnitTest name="AutomotivePlatform.ParkNow.Sessions.Service.Tests.V2.MappingProfiles.TimeBlockUnitResolverTests.TimeBlockUnitResolver_ShouldCorrectlyResolveValue(durationUnit: Year, expected: &quot;days&quot;)" storage="d:\uafi\parknow\parknow\tests\unittests\parknow\automotiveplatform.parknow.sessions.service.tests\bin\debug\netcoreapp3.1\automotiveplatform.parknow.sessions.service.tests.dll" id="4ef44f91-3ca0-f047-6713-0c7c1bc00eec">
      <Execution id="c2cd740e-18f6-4b03-8612-c9142ee59c1b" />
      <TestMethod codeBase="D:\Uafi\ParkNow\parknow\Tests\UnitTests\ParkNow\AutomotivePlatform.ParkNow.Sessions.Service.Tests\bin\Debug\netcoreapp3.1\AutomotivePlatform.ParkNow.Sessions.Service.Tests.dll" adapterTypeName="executor://xunit/VsTestRunner2/netcoreapp" className="AutomotivePlatform.ParkNow.Sessions.Service.Tests.V2.MappingProfiles.TimeBlockUnitResolverTests" name="TimeBlockUnitResolver_ShouldCorrectlyResolveValue" />
    </UnitTest>
    <UnitTest name="AutomotivePlatform.ParkNow.Sessions.Service.Tests.V2.MappingProfiles.QuotesProfileTests.Mapper_ShouldSkipTariffTypeWithDefaultValue" storage="d:\uafi\parknow\parknow\tests\unittests\parknow\automotiveplatform.parknow.sessions.service.tests\bin\debug\netcoreapp3.1\automotiveplatform.parknow.sessions.service.tests.dll" id="d416ce47-6a88-8960-9835-3896597dd6d7">
      <Execution id="7f31aebd-122a-4618-a99c-bb5aeb567833" />
      <TestMethod codeBase="D:\Uafi\ParkNow\parknow\Tests\UnitTests\ParkNow\AutomotivePlatform.ParkNow.Sessions.Service.Tests\bin\Debug\netcoreapp3.1\AutomotivePlatform.ParkNow.Sessions.Service.Tests.dll" adapterTypeName="executor://xunit/VsTestRunner2/netcoreapp" className="AutomotivePlatform.ParkNow.Sessions.Service.Tests.V2.MappingProfiles.QuotesProfileTests" name="Mapper_ShouldSkipTariffTypeWithDefaultValue" />
    </UnitTest>
    <UnitTest name="AutomotivePlatform.ParkNow.Sessions.Service.Tests.V2.Controllers.SessionControllerTest.CreateSessionAsync_ShouldRespondWithCreatedAtRouteResult" storage="d:\uafi\parknow\parknow\tests\unittests\parknow\automotiveplatform.parknow.sessions.service.tests\bin\debug\netcoreapp3.1\automotiveplatform.parknow.sessions.service.tests.dll" id="53e2da6d-ec98-9391-85f4-4b43014593f1">
      <Execution id="b9611048-a82b-410d-aee8-36e6cb0e47df" />
      <TestMethod codeBase="D:\Uafi\ParkNow\parknow\Tests\UnitTests\ParkNow\AutomotivePlatform.ParkNow.Sessions.Service.Tests\bin\Debug\netcoreapp3.1\AutomotivePlatform.ParkNow.Sessions.Service.Tests.dll" adapterTypeName="executor://xunit/VsTestRunner2/netcoreapp" className="AutomotivePlatform.ParkNow.Sessions.Service.Tests.V2.Controllers.SessionControllerTest" name="CreateSessionAsync_ShouldRespondWithCreatedAtRouteResult" />
    </UnitTest>
    <UnitTest name="AutomotivePlatform.ParkNow.Sessions.Service.Tests.V2.Controllers.SessionControllerTest.GetSessionDetailsAsync_ShouldReturnSessionDetailsResponse" storage="d:\uafi\parknow\parknow\tests\unittests\parknow\automotiveplatform.parknow.sessions.service.tests\bin\debug\netcoreapp3.1\automotiveplatform.parknow.sessions.service.tests.dll" id="8befce43-8029-f447-3f1a-6c3e4ee21ab5">
      <Execution id="df12efb4-f440-4ebc-af5c-1c9595e38cfc" />
      <TestMethod codeBase="D:\Uafi\ParkNow\parknow\Tests\UnitTests\ParkNow\AutomotivePlatform.ParkNow.Sessions.Service.Tests\bin\Debug\netcoreapp3.1\AutomotivePlatform.ParkNow.Sessions.Service.Tests.dll" adapterTypeName="executor://xunit/VsTestRunner2/netcoreapp" className="AutomotivePlatform.ParkNow.Sessions.Service.Tests.V2.Controllers.SessionControllerTest" name="GetSessionDetailsAsync_ShouldReturnSessionDetailsResponse" />
    </UnitTest>
    <UnitTest name="AutomotivePlatform.ParkNow.Sessions.Service.Tests.V2.MappingProfiles.SessionsProfileTest.Mapper_ShouldCorrectlyMapCreateSessionResponse_SimpleStartDto" storage="d:\uafi\parknow\parknow\tests\unittests\parknow\automotiveplatform.parknow.sessions.service.tests\bin\debug\netcoreapp3.1\automotiveplatform.parknow.sessions.service.tests.dll" id="e1ddcb33-0e53-0213-8ed9-cfc6291909fc">
      <Execution id="7e3666d2-37e4-4cb9-a087-c1ae02f154b4" />
      <TestMethod codeBase="D:\Uafi\ParkNow\parknow\Tests\UnitTests\ParkNow\AutomotivePlatform.ParkNow.Sessions.Service.Tests\bin\Debug\netcoreapp3.1\AutomotivePlatform.ParkNow.Sessions.Service.Tests.dll" adapterTypeName="executor://xunit/VsTestRunner2/netcoreapp" className="AutomotivePlatform.ParkNow.Sessions.Service.Tests.V2.MappingProfiles.SessionsProfileTest" name="Mapper_ShouldCorrectlyMapCreateSessionResponse_SimpleStartDto" />
    </UnitTest>
    <UnitTest name="AutomotivePlatform.ParkNow.Sessions.Service.Tests.V2.MappingProfiles.TimeBlockUnitResolverTests.TimeBlockUnitResolver_ShouldCorrectlyResolveValue(durationUnit: Day, expected: &quot;days&quot;)" storage="d:\uafi\parknow\parknow\tests\unittests\parknow\automotiveplatform.parknow.sessions.service.tests\bin\debug\netcoreapp3.1\automotiveplatform.parknow.sessions.service.tests.dll" id="697a95f0-5b05-d959-fff6-8aaeefd97b7f">
      <Execution id="94605374-f77b-4fc7-a409-6002a9c6b371" />
      <TestMethod codeBase="D:\Uafi\ParkNow\parknow\Tests\UnitTests\ParkNow\AutomotivePlatform.ParkNow.Sessions.Service.Tests\bin\Debug\netcoreapp3.1\AutomotivePlatform.ParkNow.Sessions.Service.Tests.dll" adapterTypeName="executor://xunit/VsTestRunner2/netcoreapp" className="AutomotivePlatform.ParkNow.Sessions.Service.Tests.V2.MappingProfiles.TimeBlockUnitResolverTests" name="TimeBlockUnitResolver_ShouldCorrectlyResolveValue" />
    </UnitTest>
    <UnitTest name="AutomotivePlatform.ParkNow.Sessions.Service.Tests.V2.Controllers.SessionControllerTest.DeleteSessionAsync_ShouldRespondWithBadRequest_IfSessionIdInvalid(sessionId: &quot;12sd&quot;)" storage="d:\uafi\parknow\parknow\tests\unittests\parknow\automotiveplatform.parknow.sessions.service.tests\bin\debug\netcoreapp3.1\automotiveplatform.parknow.sessions.service.tests.dll" id="84a1fe10-cb87-15f4-696b-6c94735d1e7e">
      <Execution id="807c8c81-7133-49a7-8a5a-c7ac91fdc99b" />
      <TestMethod codeBase="D:\Uafi\ParkNow\parknow\Tests\UnitTests\ParkNow\AutomotivePlatform.ParkNow.Sessions.Service.Tests\bin\Debug\netcoreapp3.1\AutomotivePlatform.ParkNow.Sessions.Service.Tests.dll" adapterTypeName="executor://xunit/VsTestRunner2/netcoreapp" className="AutomotivePlatform.ParkNow.Sessions.Service.Tests.V2.Controllers.SessionControllerTest" name="DeleteSessionAsync_ShouldRespondWithBadRequest_IfSessionIdInvalid" />
    </UnitTest>
    <UnitTest name="AutomotivePlatform.ParkNow.Sessions.Service.Tests.V2.MappingProfiles.QuoteDtoToTimeConverterTests.Convert_ShouldCorrectlyMapDurationChange(amount: 150, type: &quot;minutes&quot;, expected: NoChange)" storage="d:\uafi\parknow\parknow\tests\unittests\parknow\automotiveplatform.parknow.sessions.service.tests\bin\debug\netcoreapp3.1\automotiveplatform.parknow.sessions.service.tests.dll" id="ec2f87e2-fcb7-a186-699d-93bf1080be9b">
      <Execution id="35a7ccdc-03f7-4644-b7cd-7dbb4fb8819c" />
      <TestMethod codeBase="D:\Uafi\ParkNow\parknow\Tests\UnitTests\ParkNow\AutomotivePlatform.ParkNow.Sessions.Service.Tests\bin\Debug\netcoreapp3.1\AutomotivePlatform.ParkNow.Sessions.Service.Tests.dll" adapterTypeName="executor://xunit/VsTestRunner2/netcoreapp" className="AutomotivePlatform.ParkNow.Sessions.Service.Tests.V2.MappingProfiles.QuoteDtoToTimeConverterTests" name="Convert_ShouldCorrectlyMapDurationChange" />
    </UnitTest>
    <UnitTest name="AutomotivePlatform.ParkNow.Sessions.Service.Tests.V2.MappingProfiles.SessionsProfileTest.Mapper_ShouldCorrectlyMapPastSession" storage="d:\uafi\parknow\parknow\tests\unittests\parknow\automotiveplatform.parknow.sessions.service.tests\bin\debug\netcoreapp3.1\automotiveplatform.parknow.sessions.service.tests.dll" id="8b0bee36-81c2-37c1-bfb8-b6faca57e046">
      <Execution id="1616587d-710a-4bea-9064-44efa03180a5" />
      <TestMethod codeBase="D:\Uafi\ParkNow\parknow\Tests\UnitTests\ParkNow\AutomotivePlatform.ParkNow.Sessions.Service.Tests\bin\Debug\netcoreapp3.1\AutomotivePlatform.ParkNow.Sessions.Service.Tests.dll" adapterTypeName="executor://xunit/VsTestRunner2/netcoreapp" className="AutomotivePlatform.ParkNow.Sessions.Service.Tests.V2.MappingProfiles.SessionsProfileTest" name="Mapper_ShouldCorrectlyMapPastSession" />
    </UnitTest>
    <UnitTest name="AutomotivePlatform.ParkNow.Sessions.Service.Tests.V2.MappingProfiles.SessionsProfileTest.Model_ShouldNotIncludeVehiclePosition_IfAtLeastOneOfRequiredParametersIsMissing(includeInContext: True, latitude: 12.34, longitude: null)" storage="d:\uafi\parknow\parknow\tests\unittests\parknow\automotiveplatform.parknow.sessions.service.tests\bin\debug\netcoreapp3.1\automotiveplatform.parknow.sessions.service.tests.dll" id="a6d2bf44-d43b-844f-bc76-b2a308b67fbd">
      <Execution id="b162fb68-1d92-43c6-ae9a-f8b334fdd239" />
      <TestMethod codeBase="D:\Uafi\ParkNow\parknow\Tests\UnitTests\ParkNow\AutomotivePlatform.ParkNow.Sessions.Service.Tests\bin\Debug\netcoreapp3.1\AutomotivePlatform.ParkNow.Sessions.Service.Tests.dll" adapterTypeName="executor://xunit/VsTestRunner2/netcoreapp" className="AutomotivePlatform.ParkNow.Sessions.Service.Tests.V2.MappingProfiles.SessionsProfileTest" name="Model_ShouldNotIncludeVehiclePosition_IfAtLeastOneOfRequiredParametersIsMissing" />
    </UnitTest>
    <UnitTest name="AutomotivePlatform.ParkNow.Sessions.Service.Tests.V2.Controllers.SessionControllerTest.DeleteSessionAsync_ShouldRespondWithBadRequest_IfSessionIdInvalid(sessionId: &quot;***123***&quot;)" storage="d:\uafi\parknow\parknow\tests\unittests\parknow\automotiveplatform.parknow.sessions.service.tests\bin\debug\netcoreapp3.1\automotiveplatform.parknow.sessions.service.tests.dll" id="74ce2aca-e7ff-5859-6e70-95a7adb49992">
      <Execution id="9fc608d0-432d-4ece-acfa-fee2803ef622" />
      <TestMethod codeBase="D:\Uafi\ParkNow\parknow\Tests\UnitTests\ParkNow\AutomotivePlatform.ParkNow.Sessions.Service.Tests\bin\Debug\netcoreapp3.1\AutomotivePlatform.ParkNow.Sessions.Service.Tests.dll" adapterTypeName="executor://xunit/VsTestRunner2/netcoreapp" className="AutomotivePlatform.ParkNow.Sessions.Service.Tests.V2.Controllers.SessionControllerTest" name="DeleteSessionAsync_ShouldRespondWithBadRequest_IfSessionIdInvalid" />
    </UnitTest>
    <UnitTest name="AutomotivePlatform.ParkNow.Sessions.Service.Tests.V2.MappingProfiles.TimeBlockQuantityResolverTests.TimeBlockQuantityResolver_ShouldReturnDefaultValuesForSpecficTypes(durationUnit: Hour, value: 11, expected: 11)" storage="d:\uafi\parknow\parknow\tests\unittests\parknow\automotiveplatform.parknow.sessions.service.tests\bin\debug\netcoreapp3.1\automotiveplatform.parknow.sessions.service.tests.dll" id="5c0e2d1a-53e0-f414-4325-471aec858868">
      <Execution id="c471713b-5300-4e49-ad66-ef15ffe5c858" />
      <TestMethod codeBase="D:\Uafi\ParkNow\parknow\Tests\UnitTests\ParkNow\AutomotivePlatform.ParkNow.Sessions.Service.Tests\bin\Debug\netcoreapp3.1\AutomotivePlatform.ParkNow.Sessions.Service.Tests.dll" adapterTypeName="executor://xunit/VsTestRunner2/netcoreapp" className="AutomotivePlatform.ParkNow.Sessions.Service.Tests.V2.MappingProfiles.TimeBlockQuantityResolverTests" name="TimeBlockQuantityResolver_ShouldReturnDefaultValuesForSpecficTypes" />
    </UnitTest>
    <UnitTest name="AutomotivePlatform.ParkNow.Sessions.Service.Tests.V2.MappingProfiles.SessionsProfileTest.Mapper_ShouldCorrectlyMapCreateSessionResponse_BuyTimeResponseDto" storage="d:\uafi\parknow\parknow\tests\unittests\parknow\automotiveplatform.parknow.sessions.service.tests\bin\debug\netcoreapp3.1\automotiveplatform.parknow.sessions.service.tests.dll" id="0a903104-12bb-5b4e-b992-80992d22bd9e">
      <Execution id="90783127-6fa6-4153-a0c1-59817b39972a" />
      <TestMethod codeBase="D:\Uafi\ParkNow\parknow\Tests\UnitTests\ParkNow\AutomotivePlatform.ParkNow.Sessions.Service.Tests\bin\Debug\netcoreapp3.1\AutomotivePlatform.ParkNow.Sessions.Service.Tests.dll" adapterTypeName="executor://xunit/VsTestRunner2/netcoreapp" className="AutomotivePlatform.ParkNow.Sessions.Service.Tests.V2.MappingProfiles.SessionsProfileTest" name="Mapper_ShouldCorrectlyMapCreateSessionResponse_BuyTimeResponseDto" />
    </UnitTest>
    <UnitTest name="AutomotivePlatform.ParkNow.Sessions.Service.Tests.V2.MappingProfiles.LocationTypeResolverTests.LocationTypeResolver_ShouldCorrectlyResolveLocationType(locationType: &quot;Unknown&quot;, resolvedType: NotSet)" storage="d:\uafi\parknow\parknow\tests\unittests\parknow\automotiveplatform.parknow.sessions.service.tests\bin\debug\netcoreapp3.1\automotiveplatform.parknow.sessions.service.tests.dll" id="5f799693-73ee-7e9f-c767-b9a7fa0f4ee4">
      <Execution id="b587a09f-feb5-48f9-9abf-6993314b5a39" />
      <TestMethod codeBase="D:\Uafi\ParkNow\parknow\Tests\UnitTests\ParkNow\AutomotivePlatform.ParkNow.Sessions.Service.Tests\bin\Debug\netcoreapp3.1\AutomotivePlatform.ParkNow.Sessions.Service.Tests.dll" adapterTypeName="executor://xunit/VsTestRunner2/netcoreapp" className="AutomotivePlatform.ParkNow.Sessions.Service.Tests.V2.MappingProfiles.LocationTypeResolverTests" name="LocationTypeResolver_ShouldCorrectlyResolveLocationType" />
    </UnitTest>
    <UnitTest name="AutomotivePlatform.ParkNow.Sessions.Service.Tests.V2.MappingProfiles.TimeBlockQuantityResolverTests.TimeBlockQuantityResolver_ShouldConvertMonthToDays" storage="d:\uafi\parknow\parknow\tests\unittests\parknow\automotiveplatform.parknow.sessions.service.tests\bin\debug\netcoreapp3.1\automotiveplatform.parknow.sessions.service.tests.dll" id="89db914b-6f48-6a41-ee58-3b12ef3ca0b6">
      <Execution id="fd4d0b82-4b6f-478e-b629-b80789bcb684" />
      <TestMethod codeBase="D:\Uafi\ParkNow\parknow\Tests\UnitTests\ParkNow\AutomotivePlatform.ParkNow.Sessions.Service.Tests\bin\Debug\netcoreapp3.1\AutomotivePlatform.ParkNow.Sessions.Service.Tests.dll" adapterTypeName="executor://xunit/VsTestRunner2/netcoreapp" className="AutomotivePlatform.ParkNow.Sessions.Service.Tests.V2.MappingProfiles.TimeBlockQuantityResolverTests" name="TimeBlockQuantityResolver_ShouldConvertMonthToDays" />
    </UnitTest>
    <UnitTest name="AutomotivePlatform.ParkNow.Sessions.Service.Tests.V2.MappingProfiles.SessionsTypeResolverTests.SessionsTypeResolver_ShouldCorrectlyResolveSessionTypeForSessionResponse1(timespanNowUts: 2, timespanStopUtc: 1, sessionType: Past)" storage="d:\uafi\parknow\parknow\tests\unittests\parknow\automotiveplatform.parknow.sessions.service.tests\bin\debug\netcoreapp3.1\automotiveplatform.parknow.sessions.service.tests.dll" id="4a4bca1f-26dc-ddb4-6787-db03f2d14221">
      <Execution id="a75f8ac8-58de-4114-a8d3-7c0778aedc9b" />
      <TestMethod codeBase="D:\Uafi\ParkNow\parknow\Tests\UnitTests\ParkNow\AutomotivePlatform.ParkNow.Sessions.Service.Tests\bin\Debug\netcoreapp3.1\AutomotivePlatform.ParkNow.Sessions.Service.Tests.dll" adapterTypeName="executor://xunit/VsTestRunner2/netcoreapp" className="AutomotivePlatform.ParkNow.Sessions.Service.Tests.V2.MappingProfiles.SessionsTypeResolverTests" name="SessionsTypeResolver_ShouldCorrectlyResolveSessionTypeForSessionResponse1" />
    </UnitTest>
    <UnitTest name="AutomotivePlatform.ParkNow.Sessions.Service.Tests.V2.MappingProfiles.QuotesProfileTests.Mapper_ShouldCorrectlyMapCreateQuoteDto" storage="d:\uafi\parknow\parknow\tests\unittests\parknow\automotiveplatform.parknow.sessions.service.tests\bin\debug\netcoreapp3.1\automotiveplatform.parknow.sessions.service.tests.dll" id="35c1cb72-c1ca-cc0f-9afa-68a64cfc68ef">
      <Execution id="e2afd09b-165f-457b-a022-1bed01c07910" />
      <TestMethod codeBase="D:\Uafi\ParkNow\parknow\Tests\UnitTests\ParkNow\AutomotivePlatform.ParkNow.Sessions.Service.Tests\bin\Debug\netcoreapp3.1\AutomotivePlatform.ParkNow.Sessions.Service.Tests.dll" adapterTypeName="executor://xunit/VsTestRunner2/netcoreapp" className="AutomotivePlatform.ParkNow.Sessions.Service.Tests.V2.MappingProfiles.QuotesProfileTests" name="Mapper_ShouldCorrectlyMapCreateQuoteDto" />
    </UnitTest>
    <UnitTest name="AutomotivePlatform.ParkNow.Sessions.Service.Tests.V2.Controllers.SessionControllerTest.DeleteSessionAsync_ShouldRespondWithBadRequest_IfSessionIdInvalid(sessionId: &quot;kLm12&quot;)" storage="d:\uafi\parknow\parknow\tests\unittests\parknow\automotiveplatform.parknow.sessions.service.tests\bin\debug\netcoreapp3.1\automotiveplatform.parknow.sessions.service.tests.dll" id="d3778e06-749d-451d-a5f0-c7663bb41a0b">
      <Execution id="06a50c3e-f244-495f-8984-6ce2c0dec3c4" />
      <TestMethod codeBase="D:\Uafi\ParkNow\parknow\Tests\UnitTests\ParkNow\AutomotivePlatform.ParkNow.Sessions.Service.Tests\bin\Debug\netcoreapp3.1\AutomotivePlatform.ParkNow.Sessions.Service.Tests.dll" adapterTypeName="executor://xunit/VsTestRunner2/netcoreapp" className="AutomotivePlatform.ParkNow.Sessions.Service.Tests.V2.Controllers.SessionControllerTest" name="DeleteSessionAsync_ShouldRespondWithBadRequest_IfSessionIdInvalid" />
    </UnitTest>
    <UnitTest name="AutomotivePlatform.ParkNow.Sessions.Service.Tests.V2.Controllers.SessionControllerTest.CreateSessionAsync_ShouldRespondWithCreatedAtRouteResult_ForSimpleStartSession(vehicleId: &quot;test-vechicle-id&quot;, extVehicleId: &quot;test-ext-vechicle-id&quot;)" storage="d:\uafi\parknow\parknow\tests\unittests\parknow\automotiveplatform.parknow.sessions.service.tests\bin\debug\netcoreapp3.1\automotiveplatform.parknow.sessions.service.tests.dll" id="72b3c9d1-aa18-20fc-08f6-564c495df03b">
      <Execution id="1d8bb529-93b5-4ba0-8954-790408eef434" />
      <TestMethod codeBase="D:\Uafi\ParkNow\parknow\Tests\UnitTests\ParkNow\AutomotivePlatform.ParkNow.Sessions.Service.Tests\bin\Debug\netcoreapp3.1\AutomotivePlatform.ParkNow.Sessions.Service.Tests.dll" adapterTypeName="executor://xunit/VsTestRunner2/netcoreapp" className="AutomotivePlatform.ParkNow.Sessions.Service.Tests.V2.Controllers.SessionControllerTest" name="CreateSessionAsync_ShouldRespondWithCreatedAtRouteResult_ForSimpleStartSession" />
    </UnitTest>
    <UnitTest name="AutomotivePlatform.ParkNow.Sessions.Service.Tests.V2.MappingProfiles.QuotesProfileTests.Mapper_ShouldDefineMappingForAllProperties" storage="d:\uafi\parknow\parknow\tests\unittests\parknow\automotiveplatform.parknow.sessions.service.tests\bin\debug\netcoreapp3.1\automotiveplatform.parknow.sessions.service.tests.dll" id="43dce984-83c6-98a7-09a8-041ce612d413">
      <Execution id="2ea82b91-be73-48bd-baa9-d85c810db539" />
      <TestMethod codeBase="D:\Uafi\ParkNow\parknow\Tests\UnitTests\ParkNow\AutomotivePlatform.ParkNow.Sessions.Service.Tests\bin\Debug\netcoreapp3.1\AutomotivePlatform.ParkNow.Sessions.Service.Tests.dll" adapterTypeName="executor://xunit/VsTestRunner2/netcoreapp" className="AutomotivePlatform.ParkNow.Sessions.Service.Tests.V2.MappingProfiles.QuotesProfileTests" name="Mapper_ShouldDefineMappingForAllProperties" />
    </UnitTest>
    <UnitTest name="AutomotivePlatform.ParkNow.Sessions.Service.Tests.V2.Controllers.SessionControllerTest.CreateSessionAsync_ShouldRespondWithValidationError_ForSimpleStartSessionWhenRequiredFieldsAreNotSet(locationId: &quot;&quot;, vehicleId: &quot;&quot;, extVehicleId: &quot;&quot;)" storage="d:\uafi\parknow\parknow\tests\unittests\parknow\automotiveplatform.parknow.sessions.service.tests\bin\debug\netcoreapp3.1\automotiveplatform.parknow.sessions.service.tests.dll" id="2c6a8165-5f6d-1a3a-61c4-dd17e90f729b">
      <Execution id="10f8132d-fc93-45d6-b7a5-1be340fbba80" />
      <TestMethod codeBase="D:\Uafi\ParkNow\parknow\Tests\UnitTests\ParkNow\AutomotivePlatform.ParkNow.Sessions.Service.Tests\bin\Debug\netcoreapp3.1\AutomotivePlatform.ParkNow.Sessions.Service.Tests.dll" adapterTypeName="executor://xunit/VsTestRunner2/netcoreapp" className="AutomotivePlatform.ParkNow.Sessions.Service.Tests.V2.Controllers.SessionControllerTest" name="CreateSessionAsync_ShouldRespondWithValidationError_ForSimpleStartSessionWhenRequiredFieldsAreNotSet" />
    </UnitTest>
    <UnitTest name="AutomotivePlatform.ParkNow.Sessions.Service.Tests.V2.MappingProfiles.LocationTypeResolverTests.LocationTypeResolver_ShouldCorrectlyResolveLocationType(locationType: &quot;OffStreet&quot;, resolvedType: OffStreet)" storage="d:\uafi\parknow\parknow\tests\unittests\parknow\automotiveplatform.parknow.sessions.service.tests\bin\debug\netcoreapp3.1\automotiveplatform.parknow.sessions.service.tests.dll" id="115d1851-4b3f-29a7-6f0b-f558c0c5442c">
      <Execution id="d4d28874-ef2a-4397-b937-0e8067617607" />
      <TestMethod codeBase="D:\Uafi\ParkNow\parknow\Tests\UnitTests\ParkNow\AutomotivePlatform.ParkNow.Sessions.Service.Tests\bin\Debug\netcoreapp3.1\AutomotivePlatform.ParkNow.Sessions.Service.Tests.dll" adapterTypeName="executor://xunit/VsTestRunner2/netcoreapp" className="AutomotivePlatform.ParkNow.Sessions.Service.Tests.V2.MappingProfiles.LocationTypeResolverTests" name="LocationTypeResolver_ShouldCorrectlyResolveLocationType" />
    </UnitTest>
    <UnitTest name="AutomotivePlatform.ParkNow.Sessions.Service.Tests.V2.Controllers.SessionControllerTest.DeleteSessionAsync_ShouldRespondWithBadRequest_IfSessionIdInvalid(sessionId: &quot;csd&quot;)" storage="d:\uafi\parknow\parknow\tests\unittests\parknow\automotiveplatform.parknow.sessions.service.tests\bin\debug\netcoreapp3.1\automotiveplatform.parknow.sessions.service.tests.dll" id="f784b431-c5ba-2e69-1d75-6c289d5bbd7c">
      <Execution id="d6a5999e-a447-4c7e-b150-da30baed4ef8" />
      <TestMethod codeBase="D:\Uafi\ParkNow\parknow\Tests\UnitTests\ParkNow\AutomotivePlatform.ParkNow.Sessions.Service.Tests\bin\Debug\netcoreapp3.1\AutomotivePlatform.ParkNow.Sessions.Service.Tests.dll" adapterTypeName="executor://xunit/VsTestRunner2/netcoreapp" className="AutomotivePlatform.ParkNow.Sessions.Service.Tests.V2.Controllers.SessionControllerTest" name="DeleteSessionAsync_ShouldRespondWithBadRequest_IfSessionIdInvalid" />
    </UnitTest>
    <UnitTest name="AutomotivePlatform.ParkNow.Sessions.Service.Tests.V2.Controllers.SessionControllerTest.DeleteSessionAsync_ShouldRespondWithBadRequest_IfSessionIdInvalid(sessionId: &quot;k12m&quot;)" storage="d:\uafi\parknow\parknow\tests\unittests\parknow\automotiveplatform.parknow.sessions.service.tests\bin\debug\netcoreapp3.1\automotiveplatform.parknow.sessions.service.tests.dll" id="8d803e48-8d9b-5b27-b04b-b46f76a3f802">
      <Execution id="24acfdb1-9e99-4643-b9ae-3ba215dda77f" />
      <TestMethod codeBase="D:\Uafi\ParkNow\parknow\Tests\UnitTests\ParkNow\AutomotivePlatform.ParkNow.Sessions.Service.Tests\bin\Debug\netcoreapp3.1\AutomotivePlatform.ParkNow.Sessions.Service.Tests.dll" adapterTypeName="executor://xunit/VsTestRunner2/netcoreapp" className="AutomotivePlatform.ParkNow.Sessions.Service.Tests.V2.Controllers.SessionControllerTest" name="DeleteSessionAsync_ShouldRespondWithBadRequest_IfSessionIdInvalid" />
    </UnitTest>
    <UnitTest name="AutomotivePlatform.ParkNow.Sessions.Service.Tests.V2.MappingProfiles.QuoteDtoToTimeConverterTests.Convert_ShouldCorrectlyMapDurationChange(amount: 1, type: &quot;hours&quot;, expected: Longer)" storage="d:\uafi\parknow\parknow\tests\unittests\parknow\automotiveplatform.parknow.sessions.service.tests\bin\debug\netcoreapp3.1\automotiveplatform.parknow.sessions.service.tests.dll" id="79f3b592-6b63-8868-710c-2f2f1b9b81ed">
      <Execution id="85483fd8-82a4-4589-9758-d005c29a4d05" />
      <TestMethod codeBase="D:\Uafi\ParkNow\parknow\Tests\UnitTests\ParkNow\AutomotivePlatform.ParkNow.Sessions.Service.Tests\bin\Debug\netcoreapp3.1\AutomotivePlatform.ParkNow.Sessions.Service.Tests.dll" adapterTypeName="executor://xunit/VsTestRunner2/netcoreapp" className="AutomotivePlatform.ParkNow.Sessions.Service.Tests.V2.MappingProfiles.QuoteDtoToTimeConverterTests" name="Convert_ShouldCorrectlyMapDurationChange" />
    </UnitTest>
    <UnitTest name="AutomotivePlatform.ParkNow.Sessions.Service.Tests.V2.MappingProfiles.SessionsTypeResolverTests.SessionsTypeResolver_ShouldCorrectlyResolveSessionTypeForSessionResponse1(timespanNowUts: null, timespanStopUtc: 0, sessionType: null)" storage="d:\uafi\parknow\parknow\tests\unittests\parknow\automotiveplatform.parknow.sessions.service.tests\bin\debug\netcoreapp3.1\automotiveplatform.parknow.sessions.service.tests.dll" id="3834dcfa-7fcb-cbcf-5885-7d437f4434f0">
      <Execution id="b7af8350-af4e-4df6-b450-9b910e665525" />
      <TestMethod codeBase="D:\Uafi\ParkNow\parknow\Tests\UnitTests\ParkNow\AutomotivePlatform.ParkNow.Sessions.Service.Tests\bin\Debug\netcoreapp3.1\AutomotivePlatform.ParkNow.Sessions.Service.Tests.dll" adapterTypeName="executor://xunit/VsTestRunner2/netcoreapp" className="AutomotivePlatform.ParkNow.Sessions.Service.Tests.V2.MappingProfiles.SessionsTypeResolverTests" name="SessionsTypeResolver_ShouldCorrectlyResolveSessionTypeForSessionResponse1" />
    </UnitTest>
    <UnitTest name="AutomotivePlatform.ParkNow.Sessions.Service.Tests.V2.MappingProfiles.SessionsProfileTest.Mapper_ShouldSkipTariffTypeWithDefaultValue" storage="d:\uafi\parknow\parknow\tests\unittests\parknow\automotiveplatform.parknow.sessions.service.tests\bin\debug\netcoreapp3.1\automotiveplatform.parknow.sessions.service.tests.dll" id="7fc67ebe-723f-56d9-ab25-0da7916d4cb0">
      <Execution id="ddd02b52-c58a-422d-bd90-31826a3ca106" />
      <TestMethod codeBase="D:\Uafi\ParkNow\parknow\Tests\UnitTests\ParkNow\AutomotivePlatform.ParkNow.Sessions.Service.Tests\bin\Debug\netcoreapp3.1\AutomotivePlatform.ParkNow.Sessions.Service.Tests.dll" adapterTypeName="executor://xunit/VsTestRunner2/netcoreapp" className="AutomotivePlatform.ParkNow.Sessions.Service.Tests.V2.MappingProfiles.SessionsProfileTest" name="Mapper_ShouldSkipTariffTypeWithDefaultValue" />
    </UnitTest>
    <UnitTest name="AutomotivePlatform.ParkNow.Sessions.Service.Tests.V2.MappingProfiles.SessionsProfileTest.Model_ShouldNotIncludeVehiclePosition_IfAtLeastOneOfRequiredParametersIsMissing(includeInContext: True, latitude: null, longitude: null)" storage="d:\uafi\parknow\parknow\tests\unittests\parknow\automotiveplatform.parknow.sessions.service.tests\bin\debug\netcoreapp3.1\automotiveplatform.parknow.sessions.service.tests.dll" id="0924f209-0c9d-67ba-7452-1395c88a41bb">
      <Execution id="8a0c90b0-185f-4383-880b-f705c46114b1" />
      <TestMethod codeBase="D:\Uafi\ParkNow\parknow\Tests\UnitTests\ParkNow\AutomotivePlatform.ParkNow.Sessions.Service.Tests\bin\Debug\netcoreapp3.1\AutomotivePlatform.ParkNow.Sessions.Service.Tests.dll" adapterTypeName="executor://xunit/VsTestRunner2/netcoreapp" className="AutomotivePlatform.ParkNow.Sessions.Service.Tests.V2.MappingProfiles.SessionsProfileTest" name="Model_ShouldNotIncludeVehiclePosition_IfAtLeastOneOfRequiredParametersIsMissing" />
    </UnitTest>
    <UnitTest name="AutomotivePlatform.ParkNow.Sessions.Service.Tests.V2.MappingProfiles.SessionsProfileTest.Mapper_ShouldCorrectlyMapDeleteSessionResponse" storage="d:\uafi\parknow\parknow\tests\unittests\parknow\automotiveplatform.parknow.sessions.service.tests\bin\debug\netcoreapp3.1\automotiveplatform.parknow.sessions.service.tests.dll" id="e3198cc6-7f9a-a221-be42-89ec7265a2bc">
      <Execution id="a4195f03-92e7-471b-bbda-5c27ed57aefb" />
      <TestMethod codeBase="D:\Uafi\ParkNow\parknow\Tests\UnitTests\ParkNow\AutomotivePlatform.ParkNow.Sessions.Service.Tests\bin\Debug\netcoreapp3.1\AutomotivePlatform.ParkNow.Sessions.Service.Tests.dll" adapterTypeName="executor://xunit/VsTestRunner2/netcoreapp" className="AutomotivePlatform.ParkNow.Sessions.Service.Tests.V2.MappingProfiles.SessionsProfileTest" name="Mapper_ShouldCorrectlyMapDeleteSessionResponse" />
    </UnitTest>
[...]
      <Execution id="53ee6e2c-5698-487c-811a-962cb3747f0a" />
      <TestMethod codeBase="D:\Uafi\ParkNow\parknow\Tests\UnitTests\ParkNow\AutomotivePlatform.ParkNow.Sessions.Service.Tests\bin\Debug\netcoreapp3.1\AutomotivePlatform.ParkNow.Sessions.Service.Tests.dll" adapterTypeName="executor://xunit/VsTestRunner2/netcoreapp" className="AutomotivePlatform.ParkNow.Sessions.Service.Tests.V2.MappingProfiles.QuoteDtoToPriceConverterTests" name="Convert_ShouldAddChargeWhenItHasAmount" />
    </UnitTest>
    <UnitTest name="AutomotivePlatform.ParkNow.Sessions.Service.Tests.V2.MappingProfiles.SessionsProfileTest.Mapper_ShouldCorrectlyMapActiveSession" storage="d:\uafi\parknow\parknow\tests\unittests\parknow\automotiveplatform.parknow.sessions.service.tests\bin\debug\netcoreapp3.1\automotiveplatform.parknow.sessions.service.tests.dll" id="d935c722-16d5-5f0b-fe24-6f5fbefa1426">
      <Execution id="c93817dd-d80c-4b67-8911-140624ce12f8" />
      <TestMethod codeBase="D:\Uafi\ParkNow\parknow\Tests\UnitTests\ParkNow\AutomotivePlatform.ParkNow.Sessions.Service.Tests\bin\Debug\netcoreapp3.1\AutomotivePlatform.ParkNow.Sessions.Service.Tests.dll" adapterTypeName="executor://xunit/VsTestRunner2/netcoreapp" className="AutomotivePlatform.ParkNow.Sessions.Service.Tests.V2.MappingProfiles.SessionsProfileTest" name="Mapper_ShouldCorrectlyMapActiveSession" />
    </UnitTest>
    <UnitTest name="AutomotivePlatform.ParkNow.Sessions.Service.Tests.V2.MappingProfiles.QuotesProfileTests.Mapper_ShouldCorrectlyMap_CreateQuoteResponse" storage="d:\uafi\parknow\parknow\tests\unittests\parknow\automotiveplatform.parknow.sessions.service.tests\bin\debug\netcoreapp3.1\automotiveplatform.parknow.sessions.service.tests.dll" id="3165e731-39eb-270f-9b05-ade34af99a95">
      <Execution id="0cb695fa-4ca9-4d85-a25b-3f6749f0195a" />
      <TestMethod codeBase="D:\Uafi\ParkNow\parknow\Tests\UnitTests\ParkNow\AutomotivePlatform.ParkNow.Sessions.Service.Tests\bin\Debug\netcoreapp3.1\AutomotivePlatform.ParkNow.Sessions.Service.Tests.dll" adapterTypeName="executor://xunit/VsTestRunner2/netcoreapp" className="AutomotivePlatform.ParkNow.Sessions.Service.Tests.V2.MappingProfiles.QuotesProfileTests" name="Mapper_ShouldCorrectlyMap_CreateQuoteResponse" />
    </UnitTest>
    <UnitTest name="AutomotivePlatform.ParkNow.Sessions.Service.Tests.V2.Controllers.SessionControllerTest.DeleteSessionAsync_ShouldRespondWithBadRequest_IfSessionIdInvalid(sessionId: &quot; 12kLm&quot;)" storage="d:\uafi\parknow\parknow\tests\unittests\parknow\automotiveplatform.parknow.sessions.service.tests\bin\debug\netcoreapp3.1\automotiveplatform.parknow.sessions.service.tests.dll" id="1f280eaa-63aa-1ea5-e260-7b0cc595a1d3">
      <Execution id="214ae204-9a9b-48ee-8c38-7b27ba34871b" />
      <TestMethod codeBase="D:\Uafi\ParkNow\parknow\Tests\UnitTests\ParkNow\AutomotivePlatform.ParkNow.Sessions.Service.Tests\bin\Debug\netcoreapp3.1\AutomotivePlatform.ParkNow.Sessions.Service.Tests.dll" adapterTypeName="executor://xunit/VsTestRunner2/netcoreapp" className="AutomotivePlatform.ParkNow.Sessions.Service.Tests.V2.Controllers.SessionControllerTest" name="DeleteSessionAsync_ShouldRespondWithBadRequest_IfSessionIdInvalid" />
    </UnitTest>
    <UnitTest name="AutomotivePlatform.ParkNow.Sessions.Service.Tests.V2.MappingProfiles.QuoteDtoToTimeConverterTests.Convert_ShouldCorrectlyMapDurationChange(amount: 5, type: &quot;days&quot;, expected: Shorter)" storage="d:\uafi\parknow\parknow\tests\unittests\parknow\automotiveplatform.parknow.sessions.service.tests\bin\debug\netcoreapp3.1\automotiveplatform.parknow.sessions.service.tests.dll" id="f0183750-6abc-0abb-2776-3142aa3d658d">
      <Execution id="2d2b7ec9-13c7-4a1e-bf24-586793b9423f" />
      <TestMethod codeBase="D:\Uafi\ParkNow\parknow\Tests\UnitTests\ParkNow\AutomotivePlatform.ParkNow.Sessions.Service.Tests\bin\Debug\netcoreapp3.1\AutomotivePlatform.ParkNow.Sessions.Service.Tests.dll" adapterTypeName="executor://xunit/VsTestRunner2/netcoreapp" className="AutomotivePlatform.ParkNow.Sessions.Service.Tests.V2.MappingProfiles.QuoteDtoToTimeConverterTests" name="Convert_ShouldCorrectlyMapDurationChange" />
    </UnitTest>
    <UnitTest name="AutomotivePlatform.ParkNow.Sessions.Service.Tests.V2.Controllers.SessionControllerTest.DeleteSessionAsync_ShouldRespondWithBadRequest_IfSessionIdInvalid(sessionId: &quot;kLm&quot;)" storage="d:\uafi\parknow\parknow\tests\unittests\parknow\automotiveplatform.parknow.sessions.service.tests\bin\debug\netcoreapp3.1\automotiveplatform.parknow.sessions.service.tests.dll" id="0158a882-b5ee-e7f8-268b-b17ab861d01c">
      <Execution id="221fac9b-64ba-40fa-b639-9024e2e7dabb" />
      <TestMethod codeBase="D:\Uafi\ParkNow\parknow\Tests\UnitTests\ParkNow\AutomotivePlatform.ParkNow.Sessions.Service.Tests\bin\Debug\netcoreapp3.1\AutomotivePlatform.ParkNow.Sessions.Service.Tests.dll" adapterTypeName="executor://xunit/VsTestRunner2/netcoreapp" className="AutomotivePlatform.ParkNow.Sessions.Service.Tests.V2.Controllers.SessionControllerTest" name="DeleteSessionAsync_ShouldRespondWithBadRequest_IfSessionIdInvalid" />
    </UnitTest>
    <UnitTest name="AutomotivePlatform.ParkNow.Sessions.Service.Tests.V2.Controllers.SessionControllerTest.DeleteSessionAsync_ShouldRespondWith_OkStatusCode" storage="d:\uafi\parknow\parknow\tests\unittests\parknow\automotiveplatform.parknow.sessions.service.tests\bin\debug\netcoreapp3.1\automotiveplatform.parknow.sessions.service.tests.dll" id="a067172a-28f4-ad04-d19a-ff7907bc6790">
      <Execution id="a4dde56c-0f1a-48e5-945f-13f7e4c128c3" />
      <TestMethod codeBase="D:\Uafi\ParkNow\parknow\Tests\UnitTests\ParkNow\AutomotivePlatform.ParkNow.Sessions.Service.Tests\bin\Debug\netcoreapp3.1\AutomotivePlatform.ParkNow.Sessions.Service.Tests.dll" adapterTypeName="executor://xunit/VsTestRunner2/netcoreapp" className="AutomotivePlatform.ParkNow.Sessions.Service.Tests.V2.Controllers.SessionControllerTest" name="DeleteSessionAsync_ShouldRespondWith_OkStatusCode" />
    </UnitTest>
  </TestDefinitions>
  <TestEntries>
    <TestEntry testId="085e5c46-7ef2-b5ec-7f82-8d3edecd75b3" executionId="f2e32deb-f973-424e-a29a-ad8f5083fff2" testListId="8c84fa94-04c1-424b-9868-57a2d4851a1d" />
    <TestEntry testId="96518d5b-40de-ea11-f441-abbc52a16851" executionId="2bc4d710-3dac-4df7-bb36-a6c7c0357002" testListId="8c84fa94-04c1-424b-9868-57a2d4851a1d" />
    <TestEntry testId="bfcc0c1b-d9c9-6266-c5d3-3a13c7c5e2a4" executionId="54874d82-baa3-4bcb-9bb3-6d4b08660b73" testListId="8c84fa94-04c1-424b-9868-57a2d4851a1d" />
    <TestEntry testId="8b0bee36-81c2-37c1-bfb8-b6faca57e046" executionId="1616587d-710a-4bea-9064-44efa03180a5" testListId="8c84fa94-04c1-424b-9868-57a2d4851a1d" />
    <TestEntry testId="7d12e789-70f3-69ec-abc4-14e95f1c383a" executionId="77b92a0b-7037-45a1-86fd-9300489ced36" testListId="8c84fa94-04c1-424b-9868-57a2d4851a1d" />
    <TestEntry testId="22e51b6e-b379-e61f-e31a-2a39b49c1431" executionId="574c6dae-de18-4ee8-a1bd-08a1ccb51e51" testListId="8c84fa94-04c1-424b-9868-57a2d4851a1d" />
    <TestEntry testId="b151ac18-d7e4-1507-1efe-e73d0f8a56c5" executionId="d355123b-a9da-4417-a877-89cf5d89a14e" testListId="8c84fa94-04c1-424b-9868-57a2d4851a1d" />
    <TestEntry testId="62641f10-826a-a66c-a6f4-65fa3fed148a" executionId="3a434464-695c-463d-b2ec-69272b1eb362" testListId="8c84fa94-04c1-424b-9868-57a2d4851a1d" />
    <TestEntry testId="1f280eaa-63aa-1ea5-e260-7b0cc595a1d3" executionId="214ae204-9a9b-48ee-8c38-7b27ba34871b" testListId="8c84fa94-04c1-424b-9868-57a2d4851a1d" />
    <TestEntry testId="834ca36b-44ff-6d81-e869-29e0deb4ab02" executionId="f2c7ecf2-6441-4f25-bb22-c3644c7baafd" testListId="8c84fa94-04c1-424b-9868-57a2d4851a1d" />
    <TestEntry testId="2c6a8165-5f6d-1a3a-61c4-dd17e90f729b" executionId="10f8132d-fc93-45d6-b7a5-1be340fbba80" testListId="8c84fa94-04c1-424b-9868-57a2d4851a1d" />
    <TestEntry testId="60a40e85-0d8e-7f8a-4820-5168fbb3dc33" executionId="ff1d0afb-2f3b-4534-97e9-1bee2b5bb686" testListId="8c84fa94-04c1-424b-9868-57a2d4851a1d" />
    <TestEntry testId="7af6cc4e-9dc5-5038-8a81-1098246d793f" executionId="bd102dea-771d-4312-b8a3-401aea7f04ff" testListId="8c84fa94-04c1-424b-9868-57a2d4851a1d" />
    <TestEntry testId="a6733943-fa55-d5c0-b3a0-dd11800a84c5" executionId="34c6c180-7ff0-479d-a2b7-17fa55105ec3" testListId="8c84fa94-04c1-424b-9868-57a2d4851a1d" />
    <TestEntry testId="3e54175e-d400-b513-b69c-474831e37ec9" executionId="83d288e7-e2c4-4ce1-82f5-e3b7547368a5" testListId="8c84fa94-04c1-424b-9868-57a2d4851a1d" />
    <TestEntry testId="d935c722-16d5-5f0b-fe24-6f5fbefa1426" executionId="c93817dd-d80c-4b67-8911-140624ce12f8" testListId="8c84fa94-04c1-424b-9868-57a2d4851a1d" />
    <TestEntry testId="94808008-f6c8-b4b0-ae6e-c7903d34a52b" executionId="ba32c528-d931-41b7-a10b-bf97d73a1e3d" testListId="8c84fa94-04c1-424b-9868-57a2d4851a1d" />
    <TestEntry testId="371f16ab-c868-1f58-c5db-fd86ec6a7811" executionId="eb56ca6a-b07f-46f6-a6cc-23226525d6d1" testListId="8c84fa94-04c1-424b-9868-57a2d4851a1d" />
    <TestEntry testId="3834dcfa-7fcb-cbcf-5885-7d437f4434f0" executionId="b7af8350-af4e-4df6-b450-9b910e665525" testListId="8c84fa94-04c1-424b-9868-57a2d4851a1d" />
    <TestEntry testId="9f5edd35-483f-ec72-a69d-3676ac7182cc" executionId="76c7e5f2-93a4-4efc-94ed-a27af830e7e1" testListId="8c84fa94-04c1-424b-9868-57a2d4851a1d" />
    <TestEntry testId="0924f209-0c9d-67ba-7452-1395c88a41bb" executionId="8a0c90b0-185f-4383-880b-f705c46114b1" testListId="8c84fa94-04c1-424b-9868-57a2d4851a1d" />
    <TestEntry testId="c8cf5aba-e934-8b50-cb0b-11d80cae4ce4" executionId="b3c5ff3d-3d28-4b4f-9003-8ef02dcf8241" testListId="8c84fa94-04c1-424b-9868-57a2d4851a1d" />
    <TestEntry testId="4ef44f91-3ca0-f047-6713-0c7c1bc00eec" executionId="c2cd740e-18f6-4b03-8612-c9142ee59c1b" testListId="8c84fa94-04c1-424b-9868-57a2d4851a1d" />
    <TestEntry testId="89db914b-6f48-6a41-ee58-3b12ef3ca0b6" executionId="fd4d0b82-4b6f-478e-b629-b80789bcb684" testListId="8c84fa94-04c1-424b-9868-57a2d4851a1d" />
    <TestEntry testId="f784b431-c5ba-2e69-1d75-6c289d5bbd7c" executionId="d6a5999e-a447-4c7e-b150-da30baed4ef8" testListId="8c84fa94-04c1-424b-9868-57a2d4851a1d" />
    <TestEntry testId="5c0e2d1a-53e0-f414-4325-471aec858868" executionId="c471713b-5300-4e49-ad66-ef15ffe5c858" testListId="8c84fa94-04c1-424b-9868-57a2d4851a1d" />
    <TestEntry testId="e2be4e22-da4d-c4cf-b38b-f3361c790fe4" executionId="bead6743-5217-46be-80a8-63b3aa1866e0" testListId="8c84fa94-04c1-424b-9868-57a2d4851a1d" />
    <TestEntry testId="38cf4a9a-6491-2df6-d7e8-2f0da0a17b2e" executionId="4ee49205-deb4-417d-8f12-5dd88e09669e" testListId="8c84fa94-04c1-424b-9868-57a2d4851a1d" />
    <TestEntry testId="d66a5287-464b-dc48-c5cb-bdb9e8df0855" executionId="e9f7f100-9a4b-49bf-b5e2-3b36475f4318" testListId="8c84fa94-04c1-424b-9868-57a2d4851a1d" />
    <TestEntry testId="ce8f31b8-4046-73dd-aa1d-caa39ada9d5d" executionId="53ee6e2c-5698-487c-811a-962cb3747f0a" testListId="8c84fa94-04c1-424b-9868-57a2d4851a1d" />
    <TestEntry testId="f38d3f2e-e5a9-26af-87c4-73600f64396c" executionId="834dec2c-0f8b-45dd-8b3f-d16bb1f48873" testListId="8c84fa94-04c1-424b-9868-57a2d4851a1d" />
    <TestEntry testId="72b3c9d1-aa18-20fc-08f6-564c495df03b" executionId="1d8bb529-93b5-4ba0-8954-790408eef434" testListId="8c84fa94-04c1-424b-9868-57a2d4851a1d" />
    <TestEntry testId="0676cfdb-00cc-1a30-2ab2-8f4932818cf7" executionId="cf61f83c-96cc-4cc2-87aa-a3e3c34ff44a" testListId="8c84fa94-04c1-424b-9868-57a2d4851a1d" />
    <TestEntry testId="e3ca7f44-5735-14ed-5a7f-9ca47c97a65c" executionId="f9eab333-b7a7-4d6c-819b-ab97b6dc5931" testListId="8c84fa94-04c1-424b-9868-57a2d4851a1d" />
    <TestEntry testId="35c1cb72-c1ca-cc0f-9afa-68a64cfc68ef" executionId="e2afd09b-165f-457b-a022-1bed01c07910" testListId="8c84fa94-04c1-424b-9868-57a2d4851a1d" />
    <TestEntry testId="94e980b3-8396-0f93-8ab3-bdb14a24a7a2" executionId="b05aacff-c884-49a0-aa5d-412f77533e93" testListId="8c84fa94-04c1-424b-9868-57a2d4851a1d" />
    <TestEntry testId="a067172a-28f4-ad04-d19a-ff7907bc6790" executionId="a4dde56c-0f1a-48e5-945f-13f7e4c128c3" testListId="8c84fa94-04c1-424b-9868-57a2d4851a1d" />
    <TestEntry testId="b3cf6ec4-1651-9cff-fff9-548f81de455d" executionId="7001e515-0e26-4650-b089-23a09242a33b" testListId="8c84fa94-04c1-424b-9868-57a2d4851a1d" />
    <TestEntry testId="97c5eb2f-b678-1bb1-1509-f6c115397e11" executionId="bdf43f57-ebae-4e1c-96ff-16d6292feb0b" testListId="8c84fa94-04c1-424b-9868-57a2d4851a1d" />
    <TestEntry testId="53e2da6d-ec98-9391-85f4-4b43014593f1" executionId="b9611048-a82b-410d-aee8-36e6cb0e47df" testListId="8c84fa94-04c1-424b-9868-57a2d4851a1d" />
    <TestEntry testId="f0183750-6abc-0abb-2776-3142aa3d658d" executionId="2d2b7ec9-13c7-4a1e-bf24-586793b9423f" testListId="8c84fa94-04c1-424b-9868-57a2d4851a1d" />
    <TestEntry testId="0a903104-12bb-5b4e-b992-80992d22bd9e" executionId="90783127-6fa6-4153-a0c1-59817b39972a" testListId="8c84fa94-04c1-424b-9868-57a2d4851a1d" />
    <TestEntry testId="5eab034f-07b0-3150-f376-ce0df95d271b" executionId="ff17ac53-a286-4bfb-bc1b-cb9a071909bc" testListId="8c84fa94-04c1-424b-9868-57a2d4851a1d" />
    <TestEntry testId="5f799693-73ee-7e9f-c767-b9a7fa0f4ee4" executionId="b587a09f-feb5-48f9-9abf-6993314b5a39" testListId="8c84fa94-04c1-424b-9868-57a2d4851a1d" />
    <TestEntry testId="9d06d365-3e0a-8e7b-8642-65202c6cf1d9" executionId="366cbb5f-54b1-4f03-8c29-da0221810bd4" testListId="8c84fa94-04c1-424b-9868-57a2d4851a1d" />
    <TestEntry testId="74ce2aca-e7ff-5859-6e70-95a7adb49992" executionId="9fc608d0-432d-4ece-acfa-fee2803ef622" testListId="8c84fa94-04c1-424b-9868-57a2d4851a1d" />
    <TestEntry testId="d183b8d5-0e57-e4c3-bc09-d68b22590944" executionId="23cd0587-962e-402a-8a4b-b010669cc7b5" testListId="8c84fa94-04c1-424b-9868-57a2d4851a1d" />
    <TestEntry testId="8befce43-8029-f447-3f1a-6c3e4ee21ab5" executionId="df12efb4-f440-4ebc-af5c-1c9595e38cfc" testListId="8c84fa94-04c1-424b-9868-57a2d4851a1d" />
    <TestEntry testId="d3778e06-749d-451d-a5f0-c7663bb41a0b" executionId="06a50c3e-f244-495f-8984-6ce2c0dec3c4" testListId="8c84fa94-04c1-424b-9868-57a2d4851a1d" />
    <TestEntry testId="e3198cc6-7f9a-a221-be42-89ec7265a2bc" executionId="a4195f03-92e7-471b-bbda-5c27ed57aefb" testListId="8c84fa94-04c1-424b-9868-57a2d4851a1d" />
    <TestEntry testId="9dadf636-8c1f-561c-94fe-e4332d35b0a2" executionId="c1887741-a587-4e9d-b7a8-12de5e5760ca" testListId="8c84fa94-04c1-424b-9868-57a2d4851a1d" />
    <TestEntry testId="8d803e48-8d9b-5b27-b04b-b46f76a3f802" executionId="24acfdb1-9e99-4643-b9ae-3ba215dda77f" testListId="8c84fa94-04c1-424b-9868-57a2d4851a1d" />
    <TestEntry testId="ec2f87e2-fcb7-a186-699d-93bf1080be9b" executionId="35a7ccdc-03f7-4644-b7cd-7dbb4fb8819c" testListId="8c84fa94-04c1-424b-9868-57a2d4851a1d" />
    <TestEntry testId="e1ddcb33-0e53-0213-8ed9-cfc6291909fc" executionId="7e3666d2-37e4-4cb9-a087-c1ae02f154b4" testListId="8c84fa94-04c1-424b-9868-57a2d4851a1d" />
    <TestEntry testId="a6d2bf44-d43b-844f-bc76-b2a308b67fbd" executionId="b162fb68-1d92-43c6-ae9a-f8b334fdd239" testListId="8c84fa94-04c1-424b-9868-57a2d4851a1d" />
    <TestEntry testId="d416ce47-6a88-8960-9835-3896597dd6d7" executionId="7f31aebd-122a-4618-a99c-bb5aeb567833" testListId="8c84fa94-04c1-424b-9868-57a2d4851a1d" />
    <TestEntry testId="d96582a5-e2c2-77c9-ea00-ca0d16fbb77e" executionId="fed6baf4-9ed2-47c9-9e8d-6109ef1e4715" testListId="8c84fa94-04c1-424b-9868-57a2d4851a1d" />
    <TestEntry testId="fb7c4623-14a9-164d-4650-423e9471e9e2" executionId="6a019279-465f-4a8f-b15a-c09bcf20dd61" testListId="8c84fa94-04c1-424b-9868-57a2d4851a1d" />
    <TestEntry testId="bb606dbc-2b3b-4b01-c27b-54c90b7abc42" executionId="8d872da6-10ff-4b10-8234-1ff973257204" testListId="8c84fa94-04c1-424b-9868-57a2d4851a1d" />
    <TestEntry testId="4a4bca1f-26dc-ddb4-6787-db03f2d14221" executionId="a75f8ac8-58de-4114-a8d3-7c0778aedc9b" testListId="8c84fa94-04c1-424b-9868-57a2d4851a1d" />
    <TestEntry testId="3165e731-39eb-270f-9b05-ade34af99a95" executionId="0cb695fa-4ca9-4d85-a25b-3f6749f0195a" testListId="8c84fa94-04c1-424b-9868-57a2d4851a1d" />
    <TestEntry testId="0158a882-b5ee-e7f8-268b-b17ab861d01c" executionId="221fac9b-64ba-40fa-b639-9024e2e7dabb" testListId="8c84fa94-04c1-424b-9868-57a2d4851a1d" />
    <TestEntry testId="cc1b6682-8808-c213-d39a-dc44fd7f4d13" executionId="dc21a82b-9a40-4ba5-a53d-882f111f56d7" testListId="8c84fa94-04c1-424b-9868-57a2d4851a1d" />
    <TestEntry testId="697a95f0-5b05-d959-fff6-8aaeefd97b7f" executionId="94605374-f77b-4fc7-a409-6002a9c6b371" testListId="8c84fa94-04c1-424b-9868-57a2d4851a1d" />
    <TestEntry testId="79f3b592-6b63-8868-710c-2f2f1b9b81ed" executionId="85483fd8-82a4-4589-9758-d005c29a4d05" testListId="8c84fa94-04c1-424b-9868-57a2d4851a1d" />
    <TestEntry testId="a843276b-fa20-42dc-e450-cb7afb841844" executionId="da24cb7f-eed1-423b-8b28-158398126e5b" testListId="8c84fa94-04c1-424b-9868-57a2d4851a1d" />
    <TestEntry testId="43dce984-83c6-98a7-09a8-041ce612d413" executionId="2ea82b91-be73-48bd-baa9-d85c810db539" testListId="8c84fa94-04c1-424b-9868-57a2d4851a1d" />
    <TestEntry testId="e9f8aa92-63be-cc21-8ef5-92cd7cbc0bb2" executionId="354f37c9-0d94-47be-9db8-1850fda19cbf" testListId="8c84fa94-04c1-424b-9868-57a2d4851a1d" />
    <TestEntry testId="84a1fe10-cb87-15f4-696b-6c94735d1e7e" executionId="807c8c81-7133-49a7-8a5a-c7ac91fdc99b" testListId="8c84fa94-04c1-424b-9868-57a2d4851a1d" />
    <TestEntry testId="81585a9b-f552-1367-c49f-4d1f424b730c" executionId="d118ac1a-deb4-43c1-a332-d9c4a06a444f" testListId="8c84fa94-04c1-424b-9868-57a2d4851a1d" />
    <TestEntry testId="7fc67ebe-723f-56d9-ab25-0da7916d4cb0" executionId="ddd02b52-c58a-422d-bd90-31826a3ca106" testListId="8c84fa94-04c1-424b-9868-57a2d4851a1d" />
    <TestEntry testId="c0f7db9e-8995-faf4-3b44-1d1fcc0e6685" executionId="5f32c2f9-ff5f-437b-a4fa-f3acf4fe4903" testListId="8c84fa94-04c1-424b-9868-57a2d4851a1d" />
    <TestEntry testId="fe62e983-7699-2ec9-eebb-bd6e558c64a3" executionId="3f113ff2-00f6-4171-9700-7e2498ace723" testListId="8c84fa94-04c1-424b-9868-57a2d4851a1d" />
    <TestEntry testId="115d1851-4b3f-29a7-6f0b-f558c0c5442c" executionId="d4d28874-ef2a-4397-b937-0e8067617607" testListId="8c84fa94-04c1-424b-9868-57a2d4851a1d" />
    <TestEntry testId="8dd73015-4494-ac7e-3de5-5c97121c2b50" executionId="d020cd08-a2cd-4ff3-96a8-29d90fbf8050" testListId="8c84fa94-04c1-424b-9868-57a2d4851a1d" />
    <TestEntry testId="4a4805fe-3285-a8b9-b786-fe56c45c752d" executionId="198e5f64-0ffb-44fc-9484-9264e08c6391" testListId="8c84fa94-04c1-424b-9868-57a2d4851a1d" />
    <TestEntry testId="62ea530f-ab2b-ea0b-e7d5-bd23121f8332" executionId="8fcad7a2-8ac1-4929-a20c-f330e0245072" testListId="8c84fa94-04c1-424b-9868-57a2d4851a1d" />
  </TestEntries>
  <TestLists>
    <TestList name="Results Not in a List" id="8c84fa94-04c1-424b-9868-57a2d4851a1d" />
    <TestList name="All Loaded Results" id="19431567-8539-422a-85d7-44ee4e166bda" />
  </TestLists>
  <ResultSummary outcome="Completed">
    <Counters total="77" executed="77" passed="77" failed="0" error="0" timeout="0" aborted="0" inconclusive="0" passedButRunAborted="0" notRunnable="0" notExecuted="0" disconnected="0" warning="0" completed="0" inProgress="0" pending="0" />
    <Output>
      <StdOut>[xUnit.net 00:00:00.00] xUnit.net VSTest Adapter v2.4.3+1b45f5407b (64-bit .NET Core 3.1.13)&#xD;
[xUnit.net 00:00:00.96]   Discovering: AutomotivePlatform.ParkNow.Sessions.Service.Tests&#xD;
[xUnit.net 00:00:01.05]   Discovered:  AutomotivePlatform.ParkNow.Sessions.Service.Tests&#xD;
[xUnit.net 00:00:01.05]   Starting:    AutomotivePlatform.ParkNow.Sessions.Service.Tests&#xD;
[xUnit.net 00:00:02.24]   Finished:    AutomotivePlatform.ParkNow.Sessions.Service.Tests&#xD;
</StdOut>
    </Output>
  </ResultSummary>
</TestRun>